mode: set
SkillForge/cmd/main.go:9.13,14.2 3 0
SkillForge/internal/delivery/http/router.go:14.65,35.2 10 0
SkillForge/internal/delivery/http/router.go:35.2,41.3 4 0
SkillForge/internal/delivery/http/router.go:41.3,45.4 3 0
SkillForge/internal/delivery/http/router.go:47.3,48.3 2 0
SkillForge/internal/delivery/http/router.go:48.3,55.4 6 0
SkillForge/internal/delivery/http/router.go:55.4,70.5 14 0
SkillForge/internal/delivery/http/router.go:72.4,73.4 2 0
SkillForge/internal/delivery/http/router.go:73.4,80.5 6 0
SkillForge/internal/delivery/http/router.go:85.2,85.10 1 0
SkillForge/internal/app/app.go:21.30,27.16 4 0
SkillForge/internal/app/app.go:27.16,29.3 1 0
SkillForge/internal/app/app.go:30.2,33.16 3 0
SkillForge/internal/app/app.go:33.16,35.3 1 0
SkillForge/internal/app/app.go:37.2,38.16 2 0
SkillForge/internal/app/app.go:38.16,40.3 1 0
SkillForge/internal/app/app.go:42.2,43.16 2 0
SkillForge/internal/app/app.go:43.16,45.3 1 0
SkillForge/internal/app/app.go:46.2,47.16 2 0
SkillForge/internal/app/app.go:47.16,49.3 1 0
SkillForge/internal/app/app.go:50.2,52.16 3 0
SkillForge/internal/app/app.go:52.16,54.3 1 0
SkillForge/internal/app/app.go:56.2,77.9 17 0
SkillForge/internal/app/app.go:78.24,79.42 1 0
SkillForge/internal/app/app.go:80.29,81.27 1 0
SkillForge/internal/app/app.go:83.2,84.16 2 0
SkillForge/internal/app/app.go:84.16,86.3 1 0
SkillForge/internal/app/server/server.go:14.106,25.2 3 0
SkillForge/internal/app/server/server.go:27.26,28.12 1 0
SkillForge/internal/app/server/server.go:28.12,31.3 2 0
SkillForge/internal/app/server/server.go:34.40,36.2 1 0
SkillForge/internal/app/server/server.go:38.35,42.2 3 0
SkillForge/internal/config/config.go:59.25,61.22 2 0
SkillForge/internal/config/config.go:61.22,64.3 1 0
SkillForge/internal/config/config.go:66.2,66.55 1 0
SkillForge/internal/config/config.go:66.55,68.3 1 0
SkillForge/internal/config/config.go:70.2,72.62 2 0
SkillForge/internal/config/config.go:72.62,74.3 1 0
SkillForge/internal/config/config.go:76.2,76.13 1 0
SkillForge/internal/storage/elastic/course_search.go:21.94,23.2 1 0
SkillForge/internal/storage/elastic/course_search.go:25.77,29.16 4 0
SkillForge/internal/storage/elastic/course_search.go:29.16,31.3 1 0
SkillForge/internal/storage/elastic/course_search.go:32.2,34.33 2 0
SkillForge/internal/storage/elastic/course_search.go:34.33,73.17 5 0
SkillForge/internal/storage/elastic/course_search.go:73.17,75.4 1 0
SkillForge/internal/storage/elastic/course_search.go:76.3,77.20 2 0
SkillForge/internal/storage/elastic/course_search.go:77.20,79.4 1 0
SkillForge/internal/storage/elastic/course_search.go:82.2,82.64 1 0
SkillForge/internal/storage/elastic/course_search.go:82.64,84.3 1 0
SkillForge/internal/storage/elastic/course_search.go:86.2,86.12 1 0
SkillForge/internal/storage/elastic/course_search.go:89.83,95.16 3 0
SkillForge/internal/storage/elastic/course_search.go:95.16,97.3 1 0
SkillForge/internal/storage/elastic/course_search.go:98.2,105.16 3 0
SkillForge/internal/storage/elastic/course_search.go:105.16,107.3 1 0
SkillForge/internal/storage/elastic/course_search.go:108.2,109.19 2 0
SkillForge/internal/storage/elastic/course_search.go:109.19,111.3 1 0
SkillForge/internal/storage/elastic/course_search.go:112.2,112.12 1 0
SkillForge/internal/storage/elastic/course_search.go:115.84,121.16 3 0
SkillForge/internal/storage/elastic/course_search.go:121.16,123.3 1 0
SkillForge/internal/storage/elastic/course_search.go:124.2,131.16 3 0
SkillForge/internal/storage/elastic/course_search.go:131.16,133.3 1 0
SkillForge/internal/storage/elastic/course_search.go:134.2,135.19 2 0
SkillForge/internal/storage/elastic/course_search.go:135.19,137.3 1 0
SkillForge/internal/storage/elastic/course_search.go:138.2,138.12 1 0
SkillForge/internal/storage/elastic/course_search.go:141.76,148.16 3 0
SkillForge/internal/storage/elastic/course_search.go:148.16,150.3 1 0
SkillForge/internal/storage/elastic/course_search.go:151.2,152.19 2 0
SkillForge/internal/storage/elastic/course_search.go:152.19,154.3 1 0
SkillForge/internal/storage/elastic/course_search.go:155.2,155.12 1 0
SkillForge/internal/storage/elastic/course_search.go:158.82,172.55 3 0
SkillForge/internal/storage/elastic/course_search.go:172.55,174.3 1 0
SkillForge/internal/storage/elastic/course_search.go:175.2,177.16 3 0
SkillForge/internal/storage/elastic/course_search.go:177.16,179.3 1 0
SkillForge/internal/storage/elastic/course_search.go:180.2,181.19 2 0
SkillForge/internal/storage/elastic/course_search.go:181.19,184.3 2 0
SkillForge/internal/storage/elastic/course_search.go:185.2,188.66 2 0
SkillForge/internal/storage/elastic/course_search.go:188.66,190.3 1 0
SkillForge/internal/storage/elastic/course_search.go:191.2,191.26 1 0
SkillForge/internal/storage/elastic/course_search.go:194.101,195.15 1 0
SkillForge/internal/storage/elastic/course_search.go:195.15,197.3 1 0
SkillForge/internal/storage/elastic/course_search.go:198.2,212.55 3 0
SkillForge/internal/storage/elastic/course_search.go:212.55,214.3 1 0
SkillForge/internal/storage/elastic/course_search.go:215.2,220.16 2 0
SkillForge/internal/storage/elastic/course_search.go:220.16,222.3 1 0
SkillForge/internal/storage/elastic/course_search.go:223.2,224.19 2 0
SkillForge/internal/storage/elastic/course_search.go:224.19,227.3 2 0
SkillForge/internal/storage/elastic/course_search.go:228.2,235.65 2 0
SkillForge/internal/storage/elastic/course_search.go:235.65,237.3 1 0
SkillForge/internal/storage/elastic/course_search.go:238.2,239.36 2 0
SkillForge/internal/storage/elastic/course_search.go:239.36,240.46 1 0
SkillForge/internal/storage/elastic/course_search.go:240.46,242.4 1 0
SkillForge/internal/storage/elastic/course_search.go:244.2,244.17 1 0
SkillForge/internal/storage/elastic/elasticsearch.go:10.87,17.16 3 0
SkillForge/internal/storage/elastic/elasticsearch.go:17.16,19.3 1 0
SkillForge/internal/storage/elastic/elasticsearch.go:20.2,21.19 2 0
SkillForge/internal/storage/elastic/elasticsearch.go:21.19,23.3 1 0
SkillForge/internal/storage/elastic/elasticsearch.go:24.2,24.20 1 0
SkillForge/internal/storage/minio_storage/course_logos.go:21.113,23.16 2 0
SkillForge/internal/storage/minio_storage/course_logos.go:23.16,25.3 1 0
SkillForge/internal/storage/minio_storage/course_logos.go:26.2,26.13 1 0
SkillForge/internal/storage/minio_storage/course_logos.go:26.13,27.111 1 0
SkillForge/internal/storage/minio_storage/course_logos.go:27.111,29.4 1 0
SkillForge/internal/storage/minio_storage/course_logos.go:31.2,31.92 1 0
SkillForge/internal/storage/minio_storage/course_logos.go:41.33,43.15 2 0
SkillForge/internal/storage/minio_storage/course_logos.go:43.15,45.3 1 0
SkillForge/internal/storage/minio_storage/course_logos.go:47.2,49.23 2 0
SkillForge/internal/storage/minio_storage/course_logos.go:49.23,51.24 2 0
SkillForge/internal/storage/minio_storage/course_logos.go:51.24,53.4 1 0
SkillForge/internal/storage/minio_storage/course_logos.go:56.2,64.16 2 0
SkillForge/internal/storage/minio_storage/course_logos.go:64.16,66.3 1 0
SkillForge/internal/storage/minio_storage/course_logos.go:67.2,67.23 1 0
SkillForge/internal/storage/minio_storage/course_logos.go:70.89,79.16 3 0
SkillForge/internal/storage/minio_storage/course_logos.go:79.16,81.3 1 0
SkillForge/internal/storage/minio_storage/course_logos.go:82.2,82.35 1 0
SkillForge/internal/storage/minio_storage/course_logos.go:85.79,87.2 1 0
SkillForge/internal/storage/minio_storage/lesson_media.go:21.117,23.16 2 0
SkillForge/internal/storage/minio_storage/lesson_media.go:23.16,25.3 1 0
SkillForge/internal/storage/minio_storage/lesson_media.go:26.2,26.13 1 0
SkillForge/internal/storage/minio_storage/lesson_media.go:26.13,27.111 1 0
SkillForge/internal/storage/minio_storage/lesson_media.go:27.111,29.4 1 0
SkillForge/internal/storage/minio_storage/lesson_media.go:31.2,31.94 1 0
SkillForge/internal/storage/minio_storage/lesson_media.go:41.33,43.15 2 0
SkillForge/internal/storage/minio_storage/lesson_media.go:43.15,45.3 1 0
SkillForge/internal/storage/minio_storage/lesson_media.go:47.2,49.23 2 0
SkillForge/internal/storage/minio_storage/lesson_media.go:49.23,51.24 2 0
SkillForge/internal/storage/minio_storage/lesson_media.go:51.24,53.4 1 0
SkillForge/internal/storage/minio_storage/lesson_media.go:56.2,64.16 2 0
SkillForge/internal/storage/minio_storage/lesson_media.go:64.16,66.3 1 0
SkillForge/internal/storage/minio_storage/lesson_media.go:67.2,67.23 1 0
SkillForge/internal/storage/minio_storage/lesson_media.go:70.92,79.16 3 0
SkillForge/internal/storage/minio_storage/lesson_media.go:79.16,81.3 1 0
SkillForge/internal/storage/minio_storage/lesson_media.go:82.2,82.26 1 0
SkillForge/internal/storage/minio_storage/lesson_media.go:85.82,87.2 1 0
SkillForge/internal/storage/minio_storage/lesson_media.go:96.33,98.15 2 0
SkillForge/internal/storage/minio_storage/lesson_media.go:98.15,100.3 1 0
SkillForge/internal/storage/minio_storage/lesson_media.go:102.2,104.23 2 0
SkillForge/internal/storage/minio_storage/lesson_media.go:104.23,106.24 2 0
SkillForge/internal/storage/minio_storage/lesson_media.go:106.24,108.4 1 0
SkillForge/internal/storage/minio_storage/lesson_media.go:111.2,119.16 2 0
SkillForge/internal/storage/minio_storage/lesson_media.go:119.16,121.3 1 0
SkillForge/internal/storage/minio_storage/lesson_media.go:122.2,122.23 1 0
SkillForge/internal/storage/minio_storage/lesson_media.go:125.92,134.16 3 0
SkillForge/internal/storage/minio_storage/lesson_media.go:134.16,136.3 1 0
SkillForge/internal/storage/minio_storage/lesson_media.go:137.2,137.26 1 0
SkillForge/internal/storage/minio_storage/lesson_media.go:140.82,142.2 1 0
SkillForge/internal/storage/minio_storage/minio.go:12.97,17.16 2 0
SkillForge/internal/storage/minio_storage/minio.go:17.16,19.3 1 0
SkillForge/internal/storage/minio_storage/minio.go:20.2,20.43 1 0
SkillForge/pkg/logger/logger.go:28.30,31.13 2 0
SkillForge/pkg/logger/logger.go:32.16,33.95 1 0
SkillForge/pkg/logger/logger.go:34.14,37.4 1 0
SkillForge/pkg/logger/logger.go:38.15,41.4 1 0
SkillForge/pkg/logger/logger.go:42.10,45.4 1 0
SkillForge/pkg/logger/logger.go:47.2,48.10 2 0
SkillForge/pkg/logger/logger.go:51.61,53.2 1 0
SkillForge/pkg/logger/logger.go:55.60,57.2 1 0
SkillForge/pkg/logger/logger.go:59.60,61.2 1 0
SkillForge/pkg/logger/logger.go:63.61,65.2 1 0
SkillForge/pkg/logger/logger.go:67.61,70.2 2 0
SkillForge/pkg/logger/logger.go:72.67,75.2 2 0
SkillForge/pkg/logger/logger.go:77.67,81.2 3 0
SkillForge/pkg/logger/logger.go:83.31,88.2 1 0
SkillForge/internal/service/course/course.go:79.18,90.2 1 1
SkillForge/internal/service/course/course.go:92.91,94.16 2 1
SkillForge/internal/service/course/course.go:94.16,96.3 1 0
SkillForge/internal/service/course/course.go:98.2,99.28 2 1
SkillForge/internal/service/course/course.go:99.28,100.23 1 1
SkillForge/internal/service/course/course.go:100.23,102.4 1 1
SkillForge/internal/service/course/course.go:104.2,104.9 1 1
SkillForge/internal/service/course/course.go:104.9,106.3 1 0
SkillForge/internal/service/course/course.go:107.2,107.70 1 1
SkillForge/internal/service/course/course.go:107.70,109.3 1 0
SkillForge/internal/service/course/course.go:110.2,110.51 1 1
SkillForge/internal/service/course/course.go:113.93,115.16 2 1
SkillForge/internal/service/course/course.go:115.16,117.3 1 0
SkillForge/internal/service/course/course.go:119.2,120.28 2 1
SkillForge/internal/service/course/course.go:120.28,121.23 1 1
SkillForge/internal/service/course/course.go:121.23,123.4 1 1
SkillForge/internal/service/course/course.go:125.2,125.9 1 1
SkillForge/internal/service/course/course.go:125.9,127.3 1 0
SkillForge/internal/service/course/course.go:128.2,128.73 1 1
SkillForge/internal/service/course/course.go:128.73,130.3 1 0
SkillForge/internal/service/course/course.go:131.2,131.51 1 1
SkillForge/internal/service/course/course.go:134.102,136.16 2 1
SkillForge/internal/service/course/course.go:136.16,138.3 1 0
SkillForge/internal/service/course/course.go:140.2,141.32 2 1
SkillForge/internal/service/course/course.go:141.32,143.17 2 1
SkillForge/internal/service/course/course.go:143.17,145.4 1 0
SkillForge/internal/service/course/course.go:148.2,149.16 2 1
SkillForge/internal/service/course/course.go:149.16,152.3 2 0
SkillForge/internal/service/course/course.go:154.2,163.22 2 1
SkillForge/internal/service/course/course.go:166.121,168.16 2 1
SkillForge/internal/service/course/course.go:168.16,170.3 1 0
SkillForge/internal/service/course/course.go:171.2,172.16 2 1
SkillForge/internal/service/course/course.go:172.16,174.3 1 0
SkillForge/internal/service/course/course.go:176.2,177.28 2 1
SkillForge/internal/service/course/course.go:177.28,179.22 2 1
SkillForge/internal/service/course/course.go:179.22,181.4 1 0
SkillForge/internal/service/course/course.go:183.3,184.28 2 1
SkillForge/internal/service/course/course.go:184.28,186.18 2 1
SkillForge/internal/service/course/course.go:186.18,188.5 1 0
SkillForge/internal/service/course/course.go:188.10,190.5 1 1
SkillForge/internal/service/course/course.go:193.3,194.17 2 1
SkillForge/internal/service/course/course.go:194.17,196.4 1 0
SkillForge/internal/service/course/course.go:198.3,205.5 1 1
SkillForge/internal/service/course/course.go:208.2,208.29 1 1
SkillForge/internal/service/course/course.go:211.141,213.16 2 0
SkillForge/internal/service/course/course.go:213.16,215.3 1 0
SkillForge/internal/service/course/course.go:217.2,218.22 2 0
SkillForge/internal/service/course/course.go:218.22,220.3 1 0
SkillForge/internal/service/course/course.go:222.2,222.19 1 0
SkillForge/internal/service/course/course.go:222.19,224.3 1 0
SkillForge/internal/service/course/course.go:226.2,227.16 2 0
SkillForge/internal/service/course/course.go:227.16,229.3 1 0
SkillForge/internal/service/course/course.go:231.2,232.25 2 0
SkillForge/internal/service/course/course.go:232.25,234.17 2 0
SkillForge/internal/service/course/course.go:234.17,236.12 2 0
SkillForge/internal/service/course/course.go:239.3,240.22 2 0
SkillForge/internal/service/course/course.go:240.22,242.4 1 0
SkillForge/internal/service/course/course.go:244.3,245.33 2 0
SkillForge/internal/service/course/course.go:245.33,247.18 2 0
SkillForge/internal/service/course/course.go:247.18,249.5 1 0
SkillForge/internal/service/course/course.go:249.10,251.5 1 0
SkillForge/internal/service/course/course.go:254.3,255.17 2 0
SkillForge/internal/service/course/course.go:255.17,257.4 1 0
SkillForge/internal/service/course/course.go:258.3,265.5 1 0
SkillForge/internal/service/course/course.go:268.2,268.29 1 0
SkillForge/internal/service/course/course.go:271.100,273.16 2 0
SkillForge/internal/service/course/course.go:273.16,275.3 1 0
SkillForge/internal/service/course/course.go:276.2,276.16 1 0
SkillForge/internal/service/course/course.go:279.94,281.16 2 1
SkillForge/internal/service/course/course.go:281.16,283.3 1 0
SkillForge/internal/service/course/course.go:284.2,284.33 1 1
SkillForge/internal/service/course/course.go:284.33,286.3 1 0
SkillForge/internal/service/course/course.go:287.2,288.16 2 1
SkillForge/internal/service/course/course.go:288.16,290.3 1 0
SkillForge/internal/service/course/course.go:292.2,293.16 2 1
SkillForge/internal/service/course/course.go:293.16,296.3 2 0
SkillForge/internal/service/course/course.go:297.2,297.12 1 1
SkillForge/internal/service/course/course.go:300.91,302.16 2 1
SkillForge/internal/service/course/course.go:302.16,304.3 1 0
SkillForge/internal/service/course/course.go:305.2,305.33 1 1
SkillForge/internal/service/course/course.go:305.33,307.3 1 0
SkillForge/internal/service/course/course.go:308.2,308.80 1 1
SkillForge/internal/service/course/course.go:308.80,310.3 1 0
SkillForge/internal/service/course/course.go:311.2,311.12 1 1
SkillForge/internal/service/course/course.go:321.19,323.16 2 1
SkillForge/internal/service/course/course.go:323.16,325.3 1 0
SkillForge/internal/service/course/course.go:326.2,326.33 1 1
SkillForge/internal/service/course/course.go:326.33,328.3 1 0
SkillForge/internal/service/course/course.go:330.2,330.29 1 1
SkillForge/internal/service/course/course.go:330.29,332.3 1 0
SkillForge/internal/service/course/course.go:334.2,334.23 1 1
SkillForge/internal/service/course/course.go:334.23,336.3 1 0
SkillForge/internal/service/course/course.go:337.2,337.47 1 1
SkillForge/internal/service/course/course.go:337.47,339.3 1 0
SkillForge/internal/service/course/course.go:341.2,341.32 1 1
SkillForge/internal/service/course/course.go:341.32,342.74 1 0
SkillForge/internal/service/course/course.go:342.74,344.4 1 0
SkillForge/internal/service/course/course.go:347.2,348.16 2 1
SkillForge/internal/service/course/course.go:348.16,351.3 2 0
SkillForge/internal/service/course/course.go:353.2,353.79 1 1
SkillForge/internal/service/course/course.go:353.79,356.3 2 0
SkillForge/internal/service/course/course.go:357.2,358.16 2 1
SkillForge/internal/service/course/course.go:358.16,361.3 2 0
SkillForge/internal/service/course/course.go:363.2,363.17 1 1
SkillForge/internal/service/course/course.go:365.99,367.16 2 0
SkillForge/internal/service/course/course.go:367.16,369.3 1 0
SkillForge/internal/service/course/course.go:370.2,370.42 1 0
SkillForge/internal/service/course/course.go:370.42,372.3 1 0
SkillForge/internal/service/course/course.go:373.2,373.32 1 0
SkillForge/internal/service/course/course.go:373.32,375.3 1 0
SkillForge/internal/service/course/course.go:376.2,377.16 2 0
SkillForge/internal/service/course/course.go:377.16,380.3 2 0
SkillForge/internal/service/course/course.go:381.2,381.17 1 0
SkillForge/internal/service/course/course.go:384.92,386.16 2 0
SkillForge/internal/service/course/course.go:386.16,388.3 1 0
SkillForge/internal/service/course/course.go:389.2,389.27 1 0
SkillForge/internal/service/course/course.go:392.90,394.16 2 0
SkillForge/internal/service/course/course.go:394.16,396.3 1 0
SkillForge/internal/service/course/course.go:397.2,397.42 1 0
SkillForge/internal/service/course/course.go:397.42,399.3 1 0
SkillForge/internal/service/course/course.go:401.2,401.62 1 0
SkillForge/internal/service/course/course.go:404.117,406.16 2 1
SkillForge/internal/service/course/course.go:406.16,408.3 1 0
SkillForge/internal/service/course/course.go:410.2,411.33 2 1
SkillForge/internal/service/course/course.go:411.33,413.33 2 1
SkillForge/internal/service/course/course.go:413.33,415.18 2 1
SkillForge/internal/service/course/course.go:415.18,417.5 1 0
SkillForge/internal/service/course/course.go:420.3,421.17 2 1
SkillForge/internal/service/course/course.go:421.17,424.4 2 0
SkillForge/internal/service/course/course.go:426.3,434.39 2 1
SkillForge/internal/service/course/course.go:437.2,437.22 1 1
SkillForge/internal/service/course/course.go:440.111,442.16 2 0
SkillForge/internal/service/course/course.go:442.16,444.3 1 0
SkillForge/internal/service/course/course.go:446.2,447.33 2 0
SkillForge/internal/service/course/course.go:447.33,449.33 2 0
SkillForge/internal/service/course/course.go:449.33,451.18 2 0
SkillForge/internal/service/course/course.go:451.18,453.5 1 0
SkillForge/internal/service/course/course.go:456.3,457.17 2 0
SkillForge/internal/service/course/course.go:457.17,460.4 2 0
SkillForge/internal/service/course/course.go:462.3,470.39 2 0
SkillForge/internal/service/course/course.go:473.2,473.22 1 0
SkillForge/internal/service/course/course.go:476.108,479.16 2 0
SkillForge/internal/service/course/course.go:479.16,481.3 1 0
SkillForge/internal/service/course/course.go:483.2,484.33 2 0
SkillForge/internal/service/course/course.go:484.33,486.17 2 0
SkillForge/internal/service/course/course.go:486.17,488.4 1 0
SkillForge/internal/service/course/course.go:488.9,490.4 1 0
SkillForge/internal/service/course/course.go:492.2,492.20 1 0
SkillForge/pkg/custom_serializer/json/myjson.go:14.28,16.2 1 1
SkillForge/pkg/custom_serializer/json/myjson.go:45.36,47.2 1 1
SkillForge/pkg/custom_serializer/json/myjson.go:49.30,52.27 2 1
SkillForge/pkg/custom_serializer/json/myjson.go:52.27,54.3 1 1
SkillForge/pkg/custom_serializer/json/myjson.go:56.2,56.32 1 1
SkillForge/pkg/custom_serializer/json/myjson.go:57.11,59.48 2 1
SkillForge/pkg/custom_serializer/json/myjson.go:60.11,62.49 2 1
SkillForge/pkg/custom_serializer/json/myjson.go:63.11,65.50 2 0
SkillForge/pkg/custom_serializer/json/myjson.go:66.11,68.51 2 0
SkillForge/pkg/custom_serializer/json/myjson.go:69.11,71.44 2 1
SkillForge/pkg/custom_serializer/json/myjson.go:72.11,74.44 2 1
SkillForge/pkg/custom_serializer/json/myjson.go:75.11,76.24 1 1
SkillForge/pkg/custom_serializer/json/myjson.go:77.11,78.65 1 1
SkillForge/pkg/custom_serializer/json/myjson.go:78.65,81.4 2 1
SkillForge/pkg/custom_serializer/json/myjson.go:82.11,83.66 1 1
SkillForge/pkg/custom_serializer/json/myjson.go:83.66,86.4 2 1
SkillForge/pkg/custom_serializer/json/myjson.go:87.11,88.65 1 1
SkillForge/pkg/custom_serializer/json/myjson.go:88.65,91.4 2 1
SkillForge/pkg/custom_serializer/json/myjson.go:94.2,94.63 1 1
SkillForge/pkg/custom_serializer/json/myjson.go:94.63,96.3 1 1
SkillForge/pkg/custom_serializer/json/myjson.go:98.2,98.29 1 0
SkillForge/pkg/custom_serializer/json/myjson.go:101.34,102.68 1 1
SkillForge/pkg/custom_serializer/json/myjson.go:102.68,104.3 1 0
SkillForge/pkg/custom_serializer/json/myjson.go:107.57,109.2 1 1
SkillForge/pkg/custom_serializer/json/myjson.go:111.72,112.18 1 1
SkillForge/pkg/custom_serializer/json/myjson.go:113.22,114.59 1 1
SkillForge/pkg/custom_serializer/json/myjson.go:115.78,116.53 1 1
SkillForge/pkg/custom_serializer/json/myjson.go:117.83,118.55 1 0
SkillForge/pkg/custom_serializer/json/myjson.go:119.40,120.66 1 1
SkillForge/pkg/custom_serializer/json/myjson.go:121.20,122.51 1 1
SkillForge/pkg/custom_serializer/json/myjson.go:123.36,124.27 1 1
SkillForge/pkg/custom_serializer/json/myjson.go:125.19,126.25 1 1
SkillForge/pkg/custom_serializer/json/myjson.go:127.22,128.46 1 1
SkillForge/pkg/custom_serializer/json/myjson.go:128.46,131.4 2 1
SkillForge/pkg/custom_serializer/json/myjson.go:132.3,132.28 1 1
SkillForge/pkg/custom_serializer/json/myjson.go:133.19,134.16 1 1
SkillForge/pkg/custom_serializer/json/myjson.go:134.16,136.4 1 1
SkillForge/pkg/custom_serializer/json/myjson.go:137.3,137.34 1 1
SkillForge/pkg/custom_serializer/json/myjson.go:138.25,139.16 1 1
SkillForge/pkg/custom_serializer/json/myjson.go:139.16,141.4 1 0
SkillForge/pkg/custom_serializer/json/myjson.go:142.3,142.34 1 1
SkillForge/pkg/custom_serializer/json/myjson.go:143.23,144.29 1 0
SkillForge/pkg/custom_serializer/json/myjson.go:145.10,146.59 1 0
SkillForge/pkg/custom_serializer/json/myjson.go:150.72,151.15 1 1
SkillForge/pkg/custom_serializer/json/myjson.go:151.15,153.3 1 0
SkillForge/pkg/custom_serializer/json/myjson.go:155.2,156.31 2 1
SkillForge/pkg/custom_serializer/json/myjson.go:156.31,158.17 2 1
SkillForge/pkg/custom_serializer/json/myjson.go:158.17,160.4 1 0
SkillForge/pkg/custom_serializer/json/myjson.go:161.3,161.47 1 1
SkillForge/pkg/custom_serializer/json/myjson.go:163.2,163.61 1 1
SkillForge/pkg/custom_serializer/json/myjson.go:166.70,167.15 1 1
SkillForge/pkg/custom_serializer/json/myjson.go:167.15,169.3 1 0
SkillForge/pkg/custom_serializer/json/myjson.go:171.2,173.18 3 1
SkillForge/pkg/custom_serializer/json/myjson.go:173.18,178.17 4 1
SkillForge/pkg/custom_serializer/json/myjson.go:178.17,180.4 1 0
SkillForge/pkg/custom_serializer/json/myjson.go:182.3,183.17 2 1
SkillForge/pkg/custom_serializer/json/myjson.go:183.17,185.4 1 0
SkillForge/pkg/custom_serializer/json/myjson.go:187.3,187.65 1 1
SkillForge/pkg/custom_serializer/json/myjson.go:189.2,189.58 1 1
SkillForge/pkg/custom_serializer/json/myjson.go:192.73,196.36 3 1
SkillForge/pkg/custom_serializer/json/myjson.go:196.36,200.26 3 1
SkillForge/pkg/custom_serializer/json/myjson.go:200.26,201.12 1 0
SkillForge/pkg/custom_serializer/json/myjson.go:204.3,205.21 2 1
SkillForge/pkg/custom_serializer/json/myjson.go:205.21,206.12 1 1
SkillForge/pkg/custom_serializer/json/myjson.go:208.3,209.20 2 1
SkillForge/pkg/custom_serializer/json/myjson.go:209.20,211.22 2 1
SkillForge/pkg/custom_serializer/json/myjson.go:211.22,212.36 1 1
SkillForge/pkg/custom_serializer/json/myjson.go:212.36,213.29 1 1
SkillForge/pkg/custom_serializer/json/myjson.go:213.29,215.12 2 1
SkillForge/pkg/custom_serializer/json/myjson.go:219.4,219.22 1 1
SkillForge/pkg/custom_serializer/json/myjson.go:222.3,222.16 1 1
SkillForge/pkg/custom_serializer/json/myjson.go:222.16,223.24 1 1
SkillForge/pkg/custom_serializer/json/myjson.go:224.24,225.29 1 1
SkillForge/pkg/custom_serializer/json/myjson.go:225.29,226.14 1 1
SkillForge/pkg/custom_serializer/json/myjson.go:228.68,229.22 1 1
SkillForge/pkg/custom_serializer/json/myjson.go:229.22,230.14 1 0
SkillForge/pkg/custom_serializer/json/myjson.go:232.80,233.25 1 0
SkillForge/pkg/custom_serializer/json/myjson.go:233.25,234.14 1 0
SkillForge/pkg/custom_serializer/json/myjson.go:236.85,237.26 1 0
SkillForge/pkg/custom_serializer/json/myjson.go:237.26,238.14 1 0
SkillForge/pkg/custom_serializer/json/myjson.go:240.42,241.27 1 0
SkillForge/pkg/custom_serializer/json/myjson.go:241.27,242.14 1 0
SkillForge/pkg/custom_serializer/json/myjson.go:244.22,245.22 1 0
SkillForge/pkg/custom_serializer/json/myjson.go:245.22,246.14 1 0
SkillForge/pkg/custom_serializer/json/myjson.go:251.3,252.20 2 1
SkillForge/pkg/custom_serializer/json/myjson.go:252.20,254.4 1 1
SkillForge/pkg/custom_serializer/json/myjson.go:256.3,257.17 2 1
SkillForge/pkg/custom_serializer/json/myjson.go:257.17,259.4 1 0
SkillForge/pkg/custom_serializer/json/myjson.go:261.3,261.58 1 1
SkillForge/pkg/custom_serializer/json/myjson.go:263.2,263.58 1 1
SkillForge/pkg/custom_serializer/json/myjson.go:266.36,273.2 6 1
SkillForge/pkg/custom_serializer/json/myjson.go:275.36,279.27 3 1
SkillForge/pkg/custom_serializer/json/myjson.go:279.27,281.43 2 1
SkillForge/pkg/custom_serializer/json/myjson.go:281.43,284.4 2 1
SkillForge/pkg/custom_serializer/json/myjson.go:285.3,285.10 1 1
SkillForge/pkg/custom_serializer/json/myjson.go:288.2,288.29 1 0
SkillForge/pkg/custom_serializer/json/myjson.go:291.36,293.27 2 1
SkillForge/pkg/custom_serializer/json/myjson.go:293.27,295.92 2 1
SkillForge/pkg/custom_serializer/json/myjson.go:295.92,296.9 1 1
SkillForge/pkg/custom_serializer/json/myjson.go:298.3,298.10 1 1
SkillForge/pkg/custom_serializer/json/myjson.go:300.2,300.61 1 1
SkillForge/pkg/custom_serializer/json/myjson.go:308.38,314.2 2 1
SkillForge/pkg/custom_serializer/json/myjson.go:316.25,318.2 1 1
SkillForge/pkg/custom_serializer/json/myjson.go:320.52,321.21 1 1
SkillForge/pkg/custom_serializer/json/myjson.go:322.19,325.18 3 1
SkillForge/pkg/custom_serializer/json/myjson.go:326.19,329.33 3 1
SkillForge/pkg/custom_serializer/json/myjson.go:329.33,331.18 2 1
SkillForge/pkg/custom_serializer/json/myjson.go:331.18,333.5 1 0
SkillForge/pkg/custom_serializer/json/myjson.go:334.4,334.17 1 1
SkillForge/pkg/custom_serializer/json/myjson.go:336.3,337.17 2 1
SkillForge/pkg/custom_serializer/json/myjson.go:337.17,339.4 1 0
SkillForge/pkg/custom_serializer/json/myjson.go:340.3,340.16 1 1
SkillForge/pkg/custom_serializer/json/myjson.go:341.17,343.19 2 1
SkillForge/pkg/custom_serializer/json/myjson.go:344.18,346.20 2 1
SkillForge/pkg/custom_serializer/json/myjson.go:347.17,349.18 2 1
SkillForge/pkg/custom_serializer/json/myjson.go:350.22,351.25 1 1
SkillForge/pkg/custom_serializer/json/myjson.go:352.24,353.24 1 0
SkillForge/pkg/custom_serializer/json/myjson.go:354.10,355.58 1 0
SkillForge/pkg/custom_serializer/json/myjson.go:359.64,363.36 3 1
SkillForge/pkg/custom_serializer/json/myjson.go:363.36,366.3 2 0
SkillForge/pkg/custom_serializer/json/myjson.go:368.2,368.6 1 1
SkillForge/pkg/custom_serializer/json/myjson.go:368.6,369.33 1 1
SkillForge/pkg/custom_serializer/json/myjson.go:369.33,371.4 1 0
SkillForge/pkg/custom_serializer/json/myjson.go:372.3,375.32 3 1
SkillForge/pkg/custom_serializer/json/myjson.go:375.32,377.4 1 0
SkillForge/pkg/custom_serializer/json/myjson.go:378.3,381.17 3 1
SkillForge/pkg/custom_serializer/json/myjson.go:381.17,383.4 1 0
SkillForge/pkg/custom_serializer/json/myjson.go:384.3,386.37 2 1
SkillForge/pkg/custom_serializer/json/myjson.go:386.37,389.4 2 1
SkillForge/pkg/custom_serializer/json/myjson.go:391.3,391.32 1 1
SkillForge/pkg/custom_serializer/json/myjson.go:391.32,393.4 1 0
SkillForge/pkg/custom_serializer/json/myjson.go:394.3,394.11 1 1
SkillForge/pkg/custom_serializer/json/myjson.go:398.54,402.38 3 0
SkillForge/pkg/custom_serializer/json/myjson.go:402.38,405.3 2 0
SkillForge/pkg/custom_serializer/json/myjson.go:407.2,407.6 1 0
SkillForge/pkg/custom_serializer/json/myjson.go:407.6,409.17 2 0
SkillForge/pkg/custom_serializer/json/myjson.go:409.17,411.4 1 0
SkillForge/pkg/custom_serializer/json/myjson.go:412.3,414.39 2 0
SkillForge/pkg/custom_serializer/json/myjson.go:414.39,417.4 2 0
SkillForge/pkg/custom_serializer/json/myjson.go:419.3,419.32 1 0
SkillForge/pkg/custom_serializer/json/myjson.go:419.32,421.4 1 0
SkillForge/pkg/custom_serializer/json/myjson.go:422.3,422.11 1 0
SkillForge/pkg/custom_serializer/json/myjson.go:426.62,429.16 3 1
SkillForge/pkg/custom_serializer/json/myjson.go:429.16,431.3 1 0
SkillForge/pkg/custom_serializer/json/myjson.go:433.2,434.30 2 1
SkillForge/pkg/custom_serializer/json/myjson.go:434.30,436.3 1 0
SkillForge/pkg/custom_serializer/json/myjson.go:438.2,438.37 1 1
SkillForge/pkg/custom_serializer/json/myjson.go:441.78,442.18 1 1
SkillForge/pkg/custom_serializer/json/myjson.go:442.18,443.20 1 1
SkillForge/pkg/custom_serializer/json/myjson.go:444.67,446.14 2 1
SkillForge/pkg/custom_serializer/json/myjson.go:447.23,449.14 2 0
SkillForge/pkg/custom_serializer/json/myjson.go:450.21,452.14 2 0
SkillForge/pkg/custom_serializer/json/myjson.go:453.79,455.14 2 0
SkillForge/pkg/custom_serializer/json/myjson.go:456.84,458.14 2 0
SkillForge/pkg/custom_serializer/json/myjson.go:459.41,461.14 2 0
SkillForge/pkg/custom_serializer/json/myjson.go:462.23,463.48 1 0
SkillForge/pkg/custom_serializer/json/myjson.go:463.48,466.5 2 0
SkillForge/pkg/custom_serializer/json/myjson.go:468.3,468.59 1 0
SkillForge/pkg/custom_serializer/json/myjson.go:471.2,471.19 1 1
SkillForge/pkg/custom_serializer/json/myjson.go:472.22,473.36 1 1
SkillForge/pkg/custom_serializer/json/myjson.go:473.36,475.4 1 1
SkillForge/pkg/custom_serializer/json/myjson.go:475.9,477.4 1 0
SkillForge/pkg/custom_serializer/json/myjson.go:478.78,479.28 1 1
SkillForge/pkg/custom_serializer/json/myjson.go:480.16,481.23 1 0
SkillForge/pkg/custom_serializer/json/myjson.go:482.14,483.16 1 1
SkillForge/pkg/custom_serializer/json/myjson.go:484.11,485.56 1 0
SkillForge/pkg/custom_serializer/json/myjson.go:487.83,488.28 1 0
SkillForge/pkg/custom_serializer/json/myjson.go:489.16,490.25 1 0
SkillForge/pkg/custom_serializer/json/myjson.go:491.14,492.25 1 0
SkillForge/pkg/custom_serializer/json/myjson.go:493.11,494.57 1 0
SkillForge/pkg/custom_serializer/json/myjson.go:496.40,497.35 1 1
SkillForge/pkg/custom_serializer/json/myjson.go:497.35,499.4 1 1
SkillForge/pkg/custom_serializer/json/myjson.go:499.9,501.4 1 0
SkillForge/pkg/custom_serializer/json/myjson.go:502.20,503.32 1 1
SkillForge/pkg/custom_serializer/json/myjson.go:503.32,505.4 1 1
SkillForge/pkg/custom_serializer/json/myjson.go:505.9,507.4 1 0
SkillForge/pkg/custom_serializer/json/myjson.go:508.21,510.10 2 0
SkillForge/pkg/custom_serializer/json/myjson.go:510.10,512.4 1 0
SkillForge/pkg/custom_serializer/json/myjson.go:513.3,514.25 2 0
SkillForge/pkg/custom_serializer/json/myjson.go:514.25,515.53 1 0
SkillForge/pkg/custom_serializer/json/myjson.go:515.53,517.5 1 0
SkillForge/pkg/custom_serializer/json/myjson.go:519.19,521.10 2 1
SkillForge/pkg/custom_serializer/json/myjson.go:521.10,523.4 1 0
SkillForge/pkg/custom_serializer/json/myjson.go:524.3,525.25 2 1
SkillForge/pkg/custom_serializer/json/myjson.go:525.25,528.46 3 1
SkillForge/pkg/custom_serializer/json/myjson.go:528.46,530.5 1 0
SkillForge/pkg/custom_serializer/json/myjson.go:531.4,531.29 1 1
SkillForge/pkg/custom_serializer/json/myjson.go:533.22,534.47 1 1
SkillForge/pkg/custom_serializer/json/myjson.go:534.47,535.37 1 0
SkillForge/pkg/custom_serializer/json/myjson.go:535.37,537.19 2 0
SkillForge/pkg/custom_serializer/json/myjson.go:537.19,539.6 1 0
SkillForge/pkg/custom_serializer/json/myjson.go:540.5,541.15 2 0
SkillForge/pkg/custom_serializer/json/myjson.go:543.4,543.62 1 0
SkillForge/pkg/custom_serializer/json/myjson.go:546.3,547.10 2 1
SkillForge/pkg/custom_serializer/json/myjson.go:547.10,549.4 1 0
SkillForge/pkg/custom_serializer/json/myjson.go:550.3,551.38 2 1
SkillForge/pkg/custom_serializer/json/myjson.go:551.38,553.27 2 1
SkillForge/pkg/custom_serializer/json/myjson.go:553.27,554.13 1 0
SkillForge/pkg/custom_serializer/json/myjson.go:556.4,557.22 2 1
SkillForge/pkg/custom_serializer/json/myjson.go:557.22,558.13 1 0
SkillForge/pkg/custom_serializer/json/myjson.go:560.4,561.21 2 1
SkillForge/pkg/custom_serializer/json/myjson.go:561.21,563.5 1 1
SkillForge/pkg/custom_serializer/json/myjson.go:564.4,564.30 1 1
SkillForge/pkg/custom_serializer/json/myjson.go:564.30,565.54 1 1
SkillForge/pkg/custom_serializer/json/myjson.go:565.54,567.6 1 0
SkillForge/pkg/custom_serializer/json/myjson.go:570.19,571.17 1 0
SkillForge/pkg/custom_serializer/json/myjson.go:571.17,573.4 1 0
SkillForge/pkg/custom_serializer/json/myjson.go:574.3,574.38 1 0
SkillForge/pkg/custom_serializer/json/myjson.go:575.25,576.33 1 0
SkillForge/pkg/custom_serializer/json/myjson.go:577.10,578.55 1 0
SkillForge/pkg/custom_serializer/json/myjson.go:580.2,580.12 1 1
SkillForge/pkg/custom_serializer/json/myjson.go:583.42,585.2 1 1
SkillForge/pkg/custom_serializer/toml/mytoml.go:14.28,16.2 1 1
SkillForge/pkg/custom_serializer/toml/mytoml.go:49.36,51.2 1 1
SkillForge/pkg/custom_serializer/toml/mytoml.go:53.30,56.27 2 1
SkillForge/pkg/custom_serializer/toml/mytoml.go:56.27,58.3 1 1
SkillForge/pkg/custom_serializer/toml/mytoml.go:60.2,61.11 2 1
SkillForge/pkg/custom_serializer/toml/mytoml.go:62.11,65.50 3 1
SkillForge/pkg/custom_serializer/toml/mytoml.go:66.11,69.51 3 1
SkillForge/pkg/custom_serializer/toml/mytoml.go:70.11,73.48 3 0
SkillForge/pkg/custom_serializer/toml/mytoml.go:74.11,77.49 3 0
SkillForge/pkg/custom_serializer/toml/mytoml.go:78.11,81.42 3 0
SkillForge/pkg/custom_serializer/toml/mytoml.go:82.11,85.45 3 1
SkillForge/pkg/custom_serializer/toml/mytoml.go:86.11,89.44 3 1
SkillForge/pkg/custom_serializer/toml/mytoml.go:90.12,94.47 4 0
SkillForge/pkg/custom_serializer/toml/mytoml.go:95.11,96.54 1 0
SkillForge/pkg/custom_serializer/toml/mytoml.go:96.54,99.4 2 0
SkillForge/pkg/custom_serializer/toml/mytoml.go:100.3,100.18 1 0
SkillForge/pkg/custom_serializer/toml/mytoml.go:101.11,102.24 1 1
SkillForge/pkg/custom_serializer/toml/mytoml.go:103.11,104.65 1 1
SkillForge/pkg/custom_serializer/toml/mytoml.go:104.65,108.4 3 1
SkillForge/pkg/custom_serializer/toml/mytoml.go:109.11,110.66 1 0
SkillForge/pkg/custom_serializer/toml/mytoml.go:110.66,114.4 3 0
SkillForge/pkg/custom_serializer/toml/mytoml.go:117.2,117.42 1 1
SkillForge/pkg/custom_serializer/toml/mytoml.go:117.42,119.3 1 1
SkillForge/pkg/custom_serializer/toml/mytoml.go:121.2,121.31 1 1
SkillForge/pkg/custom_serializer/toml/mytoml.go:121.31,123.3 1 1
SkillForge/pkg/custom_serializer/toml/mytoml.go:125.2,125.29 1 0
SkillForge/pkg/custom_serializer/toml/mytoml.go:128.40,130.27 2 1
SkillForge/pkg/custom_serializer/toml/mytoml.go:130.27,132.74 2 1
SkillForge/pkg/custom_serializer/toml/mytoml.go:132.74,133.9 1 1
SkillForge/pkg/custom_serializer/toml/mytoml.go:135.3,136.10 2 1
SkillForge/pkg/custom_serializer/toml/mytoml.go:138.2,138.61 1 1
SkillForge/pkg/custom_serializer/toml/mytoml.go:141.34,142.27 1 1
SkillForge/pkg/custom_serializer/toml/mytoml.go:142.27,144.16 2 1
SkillForge/pkg/custom_serializer/toml/mytoml.go:144.16,148.4 3 1
SkillForge/pkg/custom_serializer/toml/mytoml.go:148.9,148.38 1 1
SkillForge/pkg/custom_serializer/toml/mytoml.go:148.38,151.4 2 1
SkillForge/pkg/custom_serializer/toml/mytoml.go:151.9,152.9 1 1
SkillForge/pkg/custom_serializer/toml/mytoml.go:157.36,162.27 4 1
SkillForge/pkg/custom_serializer/toml/mytoml.go:162.27,164.43 2 1
SkillForge/pkg/custom_serializer/toml/mytoml.go:164.43,168.4 3 1
SkillForge/pkg/custom_serializer/toml/mytoml.go:169.3,169.16 1 1
SkillForge/pkg/custom_serializer/toml/mytoml.go:169.16,172.4 2 0
SkillForge/pkg/custom_serializer/toml/mytoml.go:172.9,174.4 1 1
SkillForge/pkg/custom_serializer/toml/mytoml.go:175.3,175.10 1 1
SkillForge/pkg/custom_serializer/toml/mytoml.go:178.2,178.29 1 0
SkillForge/pkg/custom_serializer/toml/mytoml.go:181.42,185.27 3 1
SkillForge/pkg/custom_serializer/toml/mytoml.go:185.27,187.51 2 1
SkillForge/pkg/custom_serializer/toml/mytoml.go:187.51,189.4 1 0
SkillForge/pkg/custom_serializer/toml/mytoml.go:189.9,189.87 1 1
SkillForge/pkg/custom_serializer/toml/mytoml.go:189.87,190.9 1 1
SkillForge/pkg/custom_serializer/toml/mytoml.go:192.3,193.10 2 1
SkillForge/pkg/custom_serializer/toml/mytoml.go:196.2,197.12 2 1
SkillForge/pkg/custom_serializer/toml/mytoml.go:197.12,199.3 1 0
SkillForge/pkg/custom_serializer/toml/mytoml.go:200.2,200.46 1 1
SkillForge/pkg/custom_serializer/toml/mytoml.go:208.38,214.2 2 1
SkillForge/pkg/custom_serializer/toml/mytoml.go:216.25,218.2 1 1
SkillForge/pkg/custom_serializer/toml/mytoml.go:220.52,221.21 1 1
SkillForge/pkg/custom_serializer/toml/mytoml.go:222.19,225.58 3 1
SkillForge/pkg/custom_serializer/toml/mytoml.go:225.58,227.4 1 0
SkillForge/pkg/custom_serializer/toml/mytoml.go:228.3,228.18 1 1
SkillForge/pkg/custom_serializer/toml/mytoml.go:229.19,232.33 3 1
SkillForge/pkg/custom_serializer/toml/mytoml.go:232.33,234.18 2 0
SkillForge/pkg/custom_serializer/toml/mytoml.go:234.18,236.5 1 0
SkillForge/pkg/custom_serializer/toml/mytoml.go:237.4,237.17 1 0
SkillForge/pkg/custom_serializer/toml/mytoml.go:239.3,240.17 2 1
SkillForge/pkg/custom_serializer/toml/mytoml.go:240.17,242.4 1 0
SkillForge/pkg/custom_serializer/toml/mytoml.go:243.3,243.16 1 1
SkillForge/pkg/custom_serializer/toml/mytoml.go:244.17,248.17 4 0
SkillForge/pkg/custom_serializer/toml/mytoml.go:248.17,250.4 1 0
SkillForge/pkg/custom_serializer/toml/mytoml.go:251.3,251.16 1 0
SkillForge/pkg/custom_serializer/toml/mytoml.go:252.17,254.19 2 1
SkillForge/pkg/custom_serializer/toml/mytoml.go:255.18,257.20 2 0
SkillForge/pkg/custom_serializer/toml/mytoml.go:258.24,259.24 1 1
SkillForge/pkg/custom_serializer/toml/mytoml.go:260.22,261.30 1 0
SkillForge/pkg/custom_serializer/toml/mytoml.go:262.10,263.58 1 0
SkillForge/pkg/custom_serializer/toml/mytoml.go:267.54,271.38 3 1
SkillForge/pkg/custom_serializer/toml/mytoml.go:271.38,274.3 2 0
SkillForge/pkg/custom_serializer/toml/mytoml.go:276.2,276.6 1 1
SkillForge/pkg/custom_serializer/toml/mytoml.go:276.6,278.17 2 1
SkillForge/pkg/custom_serializer/toml/mytoml.go:278.17,280.4 1 0
SkillForge/pkg/custom_serializer/toml/mytoml.go:281.3,283.39 2 1
SkillForge/pkg/custom_serializer/toml/mytoml.go:283.39,286.4 2 1
SkillForge/pkg/custom_serializer/toml/mytoml.go:288.3,288.32 1 1
SkillForge/pkg/custom_serializer/toml/mytoml.go:288.32,290.4 1 0
SkillForge/pkg/custom_serializer/toml/mytoml.go:291.3,291.11 1 1
SkillForge/pkg/custom_serializer/toml/mytoml.go:295.69,299.36 3 0
SkillForge/pkg/custom_serializer/toml/mytoml.go:299.36,302.3 2 0
SkillForge/pkg/custom_serializer/toml/mytoml.go:304.2,304.6 1 0
SkillForge/pkg/custom_serializer/toml/mytoml.go:304.6,305.33 1 0
SkillForge/pkg/custom_serializer/toml/mytoml.go:305.33,307.4 1 0
SkillForge/pkg/custom_serializer/toml/mytoml.go:308.3,311.33 3 0
SkillForge/pkg/custom_serializer/toml/mytoml.go:311.33,313.4 1 0
SkillForge/pkg/custom_serializer/toml/mytoml.go:314.3,317.17 3 0
SkillForge/pkg/custom_serializer/toml/mytoml.go:317.17,319.4 1 0
SkillForge/pkg/custom_serializer/toml/mytoml.go:320.3,322.37 2 0
SkillForge/pkg/custom_serializer/toml/mytoml.go:322.37,325.4 2 0
SkillForge/pkg/custom_serializer/toml/mytoml.go:327.3,327.32 1 0
SkillForge/pkg/custom_serializer/toml/mytoml.go:327.32,329.4 1 0
SkillForge/pkg/custom_serializer/toml/mytoml.go:330.3,330.11 1 0
SkillForge/pkg/custom_serializer/toml/mytoml.go:334.63,338.30 3 1
SkillForge/pkg/custom_serializer/toml/mytoml.go:338.30,339.22 1 1
SkillForge/pkg/custom_serializer/toml/mytoml.go:340.25,343.40 3 0
SkillForge/pkg/custom_serializer/toml/mytoml.go:343.40,345.5 1 0
SkillForge/pkg/custom_serializer/toml/mytoml.go:346.4,349.43 3 0
SkillForge/pkg/custom_serializer/toml/mytoml.go:349.43,350.43 1 0
SkillForge/pkg/custom_serializer/toml/mytoml.go:350.43,352.6 1 0
SkillForge/pkg/custom_serializer/toml/mytoml.go:353.5,353.62 1 0
SkillForge/pkg/custom_serializer/toml/mytoml.go:353.62,355.6 1 0
SkillForge/pkg/custom_serializer/toml/mytoml.go:355.11,357.6 1 0
SkillForge/pkg/custom_serializer/toml/mytoml.go:360.4,361.46 2 0
SkillForge/pkg/custom_serializer/toml/mytoml.go:361.46,363.5 1 0
SkillForge/pkg/custom_serializer/toml/mytoml.go:364.4,364.55 1 0
SkillForge/pkg/custom_serializer/toml/mytoml.go:366.20,370.34 3 1
SkillForge/pkg/custom_serializer/toml/mytoml.go:370.34,372.5 1 0
SkillForge/pkg/custom_serializer/toml/mytoml.go:373.4,376.18 3 1
SkillForge/pkg/custom_serializer/toml/mytoml.go:376.18,378.5 1 0
SkillForge/pkg/custom_serializer/toml/mytoml.go:380.4,382.36 2 1
SkillForge/pkg/custom_serializer/toml/mytoml.go:382.36,384.5 1 0
SkillForge/pkg/custom_serializer/toml/mytoml.go:386.21,388.19 2 0
SkillForge/pkg/custom_serializer/toml/mytoml.go:390.11,391.31 1 0
SkillForge/pkg/custom_serializer/toml/mytoml.go:391.31,393.5 1 0
SkillForge/pkg/custom_serializer/toml/mytoml.go:397.2,397.19 1 1
SkillForge/pkg/custom_serializer/toml/mytoml.go:400.44,402.6 2 0
SkillForge/pkg/custom_serializer/toml/mytoml.go:402.6,403.33 1 0
SkillForge/pkg/custom_serializer/toml/mytoml.go:403.33,404.9 1 0
SkillForge/pkg/custom_serializer/toml/mytoml.go:406.3,409.30 3 0
SkillForge/pkg/custom_serializer/toml/mytoml.go:409.30,410.9 1 0
SkillForge/pkg/custom_serializer/toml/mytoml.go:412.3,412.11 1 0
SkillForge/pkg/custom_serializer/toml/mytoml.go:414.2,414.13 1 0
SkillForge/pkg/custom_serializer/toml/mytoml.go:417.62,420.16 3 1
SkillForge/pkg/custom_serializer/toml/mytoml.go:420.16,422.3 1 0
SkillForge/pkg/custom_serializer/toml/mytoml.go:424.2,425.30 2 1
SkillForge/pkg/custom_serializer/toml/mytoml.go:425.30,427.3 1 0
SkillForge/pkg/custom_serializer/toml/mytoml.go:429.2,429.37 1 1
SkillForge/pkg/custom_serializer/toml/mytoml.go:432.78,433.18 1 1
SkillForge/pkg/custom_serializer/toml/mytoml.go:433.18,434.20 1 0
SkillForge/pkg/custom_serializer/toml/mytoml.go:435.67,437.14 2 0
SkillForge/pkg/custom_serializer/toml/mytoml.go:438.23,440.14 2 0
SkillForge/pkg/custom_serializer/toml/mytoml.go:441.21,443.14 2 0
SkillForge/pkg/custom_serializer/toml/mytoml.go:444.79,446.14 2 0
SkillForge/pkg/custom_serializer/toml/mytoml.go:447.84,449.14 2 0
SkillForge/pkg/custom_serializer/toml/mytoml.go:450.41,452.14 2 0
SkillForge/pkg/custom_serializer/toml/mytoml.go:453.23,454.48 1 0
SkillForge/pkg/custom_serializer/toml/mytoml.go:454.48,457.5 2 0
SkillForge/pkg/custom_serializer/toml/mytoml.go:459.3,459.59 1 0
SkillForge/pkg/custom_serializer/toml/mytoml.go:462.2,462.19 1 1
SkillForge/pkg/custom_serializer/toml/mytoml.go:463.22,464.36 1 1
SkillForge/pkg/custom_serializer/toml/mytoml.go:464.36,466.4 1 1
SkillForge/pkg/custom_serializer/toml/mytoml.go:466.9,468.4 1 0
SkillForge/pkg/custom_serializer/toml/mytoml.go:469.78,470.28 1 1
SkillForge/pkg/custom_serializer/toml/mytoml.go:471.16,472.23 1 0
SkillForge/pkg/custom_serializer/toml/mytoml.go:473.14,474.16 1 1
SkillForge/pkg/custom_serializer/toml/mytoml.go:475.11,476.56 1 0
SkillForge/pkg/custom_serializer/toml/mytoml.go:478.83,479.28 1 0
SkillForge/pkg/custom_serializer/toml/mytoml.go:480.16,481.25 1 0
SkillForge/pkg/custom_serializer/toml/mytoml.go:482.14,483.25 1 0
SkillForge/pkg/custom_serializer/toml/mytoml.go:484.11,485.57 1 0
SkillForge/pkg/custom_serializer/toml/mytoml.go:487.40,488.35 1 0
SkillForge/pkg/custom_serializer/toml/mytoml.go:488.35,490.4 1 0
SkillForge/pkg/custom_serializer/toml/mytoml.go:490.9,492.4 1 0
SkillForge/pkg/custom_serializer/toml/mytoml.go:493.20,494.32 1 1
SkillForge/pkg/custom_serializer/toml/mytoml.go:494.32,496.4 1 1
SkillForge/pkg/custom_serializer/toml/mytoml.go:496.9,498.4 1 0
SkillForge/pkg/custom_serializer/toml/mytoml.go:499.21,501.10 2 1
SkillForge/pkg/custom_serializer/toml/mytoml.go:501.10,503.4 1 0
SkillForge/pkg/custom_serializer/toml/mytoml.go:504.3,505.25 2 1
SkillForge/pkg/custom_serializer/toml/mytoml.go:505.25,506.53 1 1
SkillForge/pkg/custom_serializer/toml/mytoml.go:506.53,508.5 1 0
SkillForge/pkg/custom_serializer/toml/mytoml.go:510.19,512.10 2 0
SkillForge/pkg/custom_serializer/toml/mytoml.go:512.10,514.4 1 0
SkillForge/pkg/custom_serializer/toml/mytoml.go:515.3,516.25 2 0
SkillForge/pkg/custom_serializer/toml/mytoml.go:516.25,519.46 3 0
SkillForge/pkg/custom_serializer/toml/mytoml.go:519.46,521.5 1 0
SkillForge/pkg/custom_serializer/toml/mytoml.go:522.4,522.29 1 0
SkillForge/pkg/custom_serializer/toml/mytoml.go:524.22,525.47 1 1
SkillForge/pkg/custom_serializer/toml/mytoml.go:525.47,526.37 1 0
SkillForge/pkg/custom_serializer/toml/mytoml.go:526.37,528.19 2 0
SkillForge/pkg/custom_serializer/toml/mytoml.go:528.19,530.6 1 0
SkillForge/pkg/custom_serializer/toml/mytoml.go:531.5,532.15 2 0
SkillForge/pkg/custom_serializer/toml/mytoml.go:534.4,534.62 1 0
SkillForge/pkg/custom_serializer/toml/mytoml.go:537.3,538.10 2 1
SkillForge/pkg/custom_serializer/toml/mytoml.go:538.10,540.4 1 0
SkillForge/pkg/custom_serializer/toml/mytoml.go:541.3,542.38 2 1
SkillForge/pkg/custom_serializer/toml/mytoml.go:542.38,544.27 2 1
SkillForge/pkg/custom_serializer/toml/mytoml.go:544.27,545.13 1 0
SkillForge/pkg/custom_serializer/toml/mytoml.go:547.4,548.22 2 1
SkillForge/pkg/custom_serializer/toml/mytoml.go:548.22,549.13 1 0
SkillForge/pkg/custom_serializer/toml/mytoml.go:551.4,552.21 2 1
SkillForge/pkg/custom_serializer/toml/mytoml.go:552.21,554.5 1 1
SkillForge/pkg/custom_serializer/toml/mytoml.go:555.4,555.30 1 1
SkillForge/pkg/custom_serializer/toml/mytoml.go:555.30,556.54 1 1
SkillForge/pkg/custom_serializer/toml/mytoml.go:556.54,558.6 1 0
SkillForge/pkg/custom_serializer/toml/mytoml.go:561.19,562.17 1 0
SkillForge/pkg/custom_serializer/toml/mytoml.go:562.17,564.4 1 0
SkillForge/pkg/custom_serializer/toml/mytoml.go:565.3,565.38 1 0
SkillForge/pkg/custom_serializer/toml/mytoml.go:566.25,567.33 1 0
SkillForge/pkg/custom_serializer/toml/mytoml.go:568.10,569.55 1 0
SkillForge/pkg/custom_serializer/toml/mytoml.go:571.2,571.12 1 1
SkillForge/pkg/custom_serializer/toml/mytoml.go:574.57,576.2 1 1
SkillForge/pkg/custom_serializer/toml/mytoml.go:578.72,579.18 1 1
SkillForge/pkg/custom_serializer/toml/mytoml.go:580.22,581.59 1 1
SkillForge/pkg/custom_serializer/toml/mytoml.go:582.78,583.53 1 1
SkillForge/pkg/custom_serializer/toml/mytoml.go:584.83,585.55 1 0
SkillForge/pkg/custom_serializer/toml/mytoml.go:586.40,587.66 1 1
SkillForge/pkg/custom_serializer/toml/mytoml.go:588.20,589.51 1 1
SkillForge/pkg/custom_serializer/toml/mytoml.go:590.36,591.27 1 1
SkillForge/pkg/custom_serializer/toml/mytoml.go:592.19,593.25 1 1
SkillForge/pkg/custom_serializer/toml/mytoml.go:594.22,595.46 1 1
SkillForge/pkg/custom_serializer/toml/mytoml.go:595.46,598.4 2 1
SkillForge/pkg/custom_serializer/toml/mytoml.go:599.3,599.28 1 1
SkillForge/pkg/custom_serializer/toml/mytoml.go:600.19,601.16 1 0
SkillForge/pkg/custom_serializer/toml/mytoml.go:601.16,603.4 1 0
SkillForge/pkg/custom_serializer/toml/mytoml.go:604.3,604.34 1 0
SkillForge/pkg/custom_serializer/toml/mytoml.go:605.25,606.16 1 1
SkillForge/pkg/custom_serializer/toml/mytoml.go:606.16,608.4 1 0
SkillForge/pkg/custom_serializer/toml/mytoml.go:610.3,610.38 1 1
SkillForge/pkg/custom_serializer/toml/mytoml.go:611.15,612.53 1 1
SkillForge/pkg/custom_serializer/toml/mytoml.go:613.12,614.57 1 1
SkillForge/pkg/custom_serializer/toml/mytoml.go:615.34,616.73 1 0
SkillForge/pkg/custom_serializer/toml/mytoml.go:617.44,618.75 1 0
SkillForge/pkg/custom_serializer/toml/mytoml.go:619.25,620.86 1 0
SkillForge/pkg/custom_serializer/toml/mytoml.go:621.13,622.47 1 0
SkillForge/pkg/custom_serializer/toml/mytoml.go:623.11,624.35 1 0
SkillForge/pkg/custom_serializer/toml/mytoml.go:626.23,627.25 1 0
SkillForge/pkg/custom_serializer/toml/mytoml.go:628.10,629.59 1 0
SkillForge/pkg/custom_serializer/toml/mytoml.go:633.73,641.36 6 1
SkillForge/pkg/custom_serializer/toml/mytoml.go:641.36,645.26 3 1
SkillForge/pkg/custom_serializer/toml/mytoml.go:645.26,646.12 1 0
SkillForge/pkg/custom_serializer/toml/mytoml.go:649.3,650.21 2 1
SkillForge/pkg/custom_serializer/toml/mytoml.go:650.21,651.12 1 0
SkillForge/pkg/custom_serializer/toml/mytoml.go:654.3,655.20 2 1
SkillForge/pkg/custom_serializer/toml/mytoml.go:655.20,657.22 2 1
SkillForge/pkg/custom_serializer/toml/mytoml.go:657.22,658.36 1 1
SkillForge/pkg/custom_serializer/toml/mytoml.go:658.36,659.29 1 1
SkillForge/pkg/custom_serializer/toml/mytoml.go:659.29,661.12 2 1
SkillForge/pkg/custom_serializer/toml/mytoml.go:665.4,665.22 1 1
SkillForge/pkg/custom_serializer/toml/mytoml.go:668.3,668.16 1 1
SkillForge/pkg/custom_serializer/toml/mytoml.go:668.16,669.24 1 1
SkillForge/pkg/custom_serializer/toml/mytoml.go:670.24,671.29 1 0
SkillForge/pkg/custom_serializer/toml/mytoml.go:671.29,672.14 1 0
SkillForge/pkg/custom_serializer/toml/mytoml.go:674.68,675.22 1 1
SkillForge/pkg/custom_serializer/toml/mytoml.go:675.22,676.14 1 1
SkillForge/pkg/custom_serializer/toml/mytoml.go:678.80,679.25 1 0
SkillForge/pkg/custom_serializer/toml/mytoml.go:679.25,680.14 1 0
SkillForge/pkg/custom_serializer/toml/mytoml.go:682.85,683.26 1 0
SkillForge/pkg/custom_serializer/toml/mytoml.go:683.26,684.14 1 0
SkillForge/pkg/custom_serializer/toml/mytoml.go:686.42,687.27 1 0
SkillForge/pkg/custom_serializer/toml/mytoml.go:687.27,688.14 1 0
SkillForge/pkg/custom_serializer/toml/mytoml.go:690.22,691.22 1 0
SkillForge/pkg/custom_serializer/toml/mytoml.go:691.22,692.14 1 0
SkillForge/pkg/custom_serializer/toml/mytoml.go:697.3,698.20 2 1
SkillForge/pkg/custom_serializer/toml/mytoml.go:698.20,700.4 1 1
SkillForge/pkg/custom_serializer/toml/mytoml.go:702.3,703.17 2 1
SkillForge/pkg/custom_serializer/toml/mytoml.go:703.17,705.4 1 0
SkillForge/pkg/custom_serializer/toml/mytoml.go:707.3,707.84 1 1
SkillForge/pkg/custom_serializer/toml/mytoml.go:707.84,709.4 1 1
SkillForge/pkg/custom_serializer/toml/mytoml.go:709.9,709.154 1 1
SkillForge/pkg/custom_serializer/toml/mytoml.go:709.154,711.4 1 0
SkillForge/pkg/custom_serializer/toml/mytoml.go:711.9,713.4 1 1
SkillForge/pkg/custom_serializer/toml/mytoml.go:716.2,716.42 1 1
SkillForge/pkg/custom_serializer/toml/mytoml.go:716.42,717.41 1 1
SkillForge/pkg/custom_serializer/toml/mytoml.go:717.41,719.4 1 0
SkillForge/pkg/custom_serializer/toml/mytoml.go:722.2,722.34 1 1
SkillForge/pkg/custom_serializer/toml/mytoml.go:722.34,724.45 2 1
SkillForge/pkg/custom_serializer/toml/mytoml.go:724.45,725.27 1 1
SkillForge/pkg/custom_serializer/toml/mytoml.go:725.27,727.10 2 0
SkillForge/pkg/custom_serializer/toml/mytoml.go:730.3,730.13 1 1
SkillForge/pkg/custom_serializer/toml/mytoml.go:730.13,732.4 1 1
SkillForge/pkg/custom_serializer/toml/mytoml.go:735.2,736.27 2 1
SkillForge/pkg/custom_serializer/toml/mytoml.go:736.27,737.25 1 1
SkillForge/pkg/custom_serializer/toml/mytoml.go:737.25,739.4 1 1
SkillForge/pkg/custom_serializer/toml/mytoml.go:740.3,740.43 1 1
SkillForge/pkg/custom_serializer/toml/mytoml.go:742.2,742.28 1 1
SkillForge/pkg/custom_serializer/toml/mytoml.go:745.70,746.15 1 1
SkillForge/pkg/custom_serializer/toml/mytoml.go:746.15,748.3 1 0
SkillForge/pkg/custom_serializer/toml/mytoml.go:750.2,752.18 3 1
SkillForge/pkg/custom_serializer/toml/mytoml.go:752.18,758.17 5 1
SkillForge/pkg/custom_serializer/toml/mytoml.go:758.17,760.4 1 0
SkillForge/pkg/custom_serializer/toml/mytoml.go:762.3,762.57 1 1
SkillForge/pkg/custom_serializer/toml/mytoml.go:764.2,764.61 1 1
SkillForge/pkg/custom_serializer/toml/mytoml.go:767.72,768.18 1 1
SkillForge/pkg/custom_serializer/toml/mytoml.go:768.18,770.3 1 0
SkillForge/pkg/custom_serializer/toml/mytoml.go:772.2,773.31 2 1
SkillForge/pkg/custom_serializer/toml/mytoml.go:773.31,775.17 2 1
SkillForge/pkg/custom_serializer/toml/mytoml.go:775.17,777.4 1 0
SkillForge/pkg/custom_serializer/toml/mytoml.go:778.3,778.47 1 1
SkillForge/pkg/custom_serializer/toml/mytoml.go:780.2,780.62 1 1
SkillForge/pkg/custom_serializer/toml/mytoml.go:783.36,790.2 6 1
SkillForge/pkg/custom_serializer/toml/mytoml.go:792.42,794.2 1 1
SkillForge/internal/delivery/http/controllers/auth.go:30.66,35.2 1 1
SkillForge/internal/delivery/http/controllers/auth.go:44.42,46.13 2 1
SkillForge/internal/delivery/http/controllers/auth.go:46.13,49.3 2 0
SkillForge/internal/delivery/http/controllers/auth.go:50.2,51.9 2 1
SkillForge/internal/delivery/http/controllers/auth.go:51.9,54.3 2 0
SkillForge/internal/delivery/http/controllers/auth.go:55.2,56.16 2 1
SkillForge/internal/delivery/http/controllers/auth.go:56.16,60.3 3 0
SkillForge/internal/delivery/http/controllers/auth.go:62.2,68.29 2 1
SkillForge/internal/delivery/http/controllers/auth.go:78.48,80.49 2 1
SkillForge/internal/delivery/http/controllers/auth.go:80.49,83.3 2 1
SkillForge/internal/delivery/http/controllers/auth.go:85.2,91.34 2 1
SkillForge/internal/delivery/http/controllers/auth.go:91.34,93.3 1 1
SkillForge/internal/delivery/http/controllers/auth.go:95.2,96.16 2 1
SkillForge/internal/delivery/http/controllers/auth.go:96.16,97.98 1 1
SkillForge/internal/delivery/http/controllers/auth.go:97.98,100.4 2 1
SkillForge/internal/delivery/http/controllers/auth.go:101.3,104.9 3 0
SkillForge/internal/delivery/http/controllers/auth.go:107.2,107.70 1 1
SkillForge/internal/delivery/http/controllers/auth.go:120.45,122.49 2 1
SkillForge/internal/delivery/http/controllers/auth.go:122.49,125.3 2 0
SkillForge/internal/delivery/http/controllers/auth.go:127.2,128.16 2 1
SkillForge/internal/delivery/http/controllers/auth.go:128.16,129.100 1 1
SkillForge/internal/delivery/http/controllers/auth.go:129.100,132.4 2 1
SkillForge/internal/delivery/http/controllers/auth.go:133.3,135.9 3 0
SkillForge/internal/delivery/http/controllers/auth.go:138.2,142.33 2 1
SkillForge/internal/delivery/http/controllers/auth.go:155.47,157.49 2 0
SkillForge/internal/delivery/http/controllers/auth.go:157.49,160.3 2 0
SkillForge/internal/delivery/http/controllers/auth.go:162.2,163.16 2 0
SkillForge/internal/delivery/http/controllers/auth.go:163.16,164.95 1 0
SkillForge/internal/delivery/http/controllers/auth.go:164.95,167.4 2 0
SkillForge/internal/delivery/http/controllers/auth.go:168.3,169.9 2 0
SkillForge/internal/delivery/http/controllers/auth.go:172.2,175.4 1 0
SkillForge/internal/delivery/http/controllers/course.go:41.81,46.2 1 1
SkillForge/internal/delivery/http/controllers/course.go:48.52,51.16 3 0
SkillForge/internal/delivery/http/controllers/course.go:51.16,55.3 3 0
SkillForge/internal/delivery/http/controllers/course.go:57.2,58.16 2 0
SkillForge/internal/delivery/http/controllers/course.go:58.16,61.3 2 0
SkillForge/internal/delivery/http/controllers/course.go:63.2,63.32 1 0
SkillForge/internal/delivery/http/controllers/course.go:66.58,69.16 3 1
SkillForge/internal/delivery/http/controllers/course.go:69.16,72.3 2 0
SkillForge/internal/delivery/http/controllers/course.go:73.2,74.13 2 1
SkillForge/internal/delivery/http/controllers/course.go:74.13,77.3 2 0
SkillForge/internal/delivery/http/controllers/course.go:78.2,79.9 2 1
SkillForge/internal/delivery/http/controllers/course.go:79.9,82.3 2 0
SkillForge/internal/delivery/http/controllers/course.go:84.2,85.16 2 1
SkillForge/internal/delivery/http/controllers/course.go:85.16,88.3 2 0
SkillForge/internal/delivery/http/controllers/course.go:89.2,90.16 2 1
SkillForge/internal/delivery/http/controllers/course.go:90.16,93.3 2 0
SkillForge/internal/delivery/http/controllers/course.go:94.2,97.23 3 1
SkillForge/internal/delivery/http/controllers/course.go:97.23,99.3 1 1
SkillForge/internal/delivery/http/controllers/course.go:101.2,110.16 2 1
SkillForge/internal/delivery/http/controllers/course.go:110.16,111.14 1 1
SkillForge/internal/delivery/http/controllers/course.go:112.38,113.61 1 1
SkillForge/internal/delivery/http/controllers/course.go:114.31,115.73 1 0
SkillForge/internal/delivery/http/controllers/course.go:116.31,117.62 1 0
SkillForge/internal/delivery/http/controllers/course.go:118.11,120.75 2 0
SkillForge/internal/delivery/http/controllers/course.go:122.3,122.9 1 1
SkillForge/internal/delivery/http/controllers/course.go:124.2,127.4 1 1
SkillForge/internal/delivery/http/controllers/course.go:130.59,133.36 3 1
SkillForge/internal/delivery/http/controllers/course.go:133.36,135.27 2 0
SkillForge/internal/delivery/http/controllers/course.go:135.27,139.4 3 0
SkillForge/internal/delivery/http/controllers/course.go:140.3,140.12 1 0
SkillForge/internal/delivery/http/controllers/course.go:143.2,144.37 2 1
SkillForge/internal/delivery/http/controllers/course.go:144.37,146.26 2 0
SkillForge/internal/delivery/http/controllers/course.go:146.26,150.4 3 0
SkillForge/internal/delivery/http/controllers/course.go:151.3,151.13 1 0
SkillForge/internal/delivery/http/controllers/course.go:154.2,158.13 5 1
SkillForge/internal/delivery/http/controllers/course.go:158.13,160.3 1 1
SkillForge/internal/delivery/http/controllers/course.go:160.8,162.3 1 1
SkillForge/internal/delivery/http/controllers/course.go:163.2,163.16 1 1
SkillForge/internal/delivery/http/controllers/course.go:163.16,167.3 3 0
SkillForge/internal/delivery/http/controllers/course.go:168.2,171.4 1 1
SkillForge/internal/delivery/http/controllers/course.go:179.54,181.49 2 1
SkillForge/internal/delivery/http/controllers/course.go:181.49,184.3 2 0
SkillForge/internal/delivery/http/controllers/course.go:185.2,186.9 2 1
SkillForge/internal/delivery/http/controllers/course.go:186.9,189.3 2 0
SkillForge/internal/delivery/http/controllers/course.go:190.2,197.16 3 1
SkillForge/internal/delivery/http/controllers/course.go:197.16,200.3 2 0
SkillForge/internal/delivery/http/controllers/course.go:201.2,201.40 1 1
SkillForge/internal/delivery/http/controllers/course.go:204.55,206.9 2 0
SkillForge/internal/delivery/http/controllers/course.go:206.9,209.3 2 0
SkillForge/internal/delivery/http/controllers/course.go:210.2,211.16 2 0
SkillForge/internal/delivery/http/controllers/course.go:211.16,214.3 2 0
SkillForge/internal/delivery/http/controllers/course.go:216.2,217.9 2 0
SkillForge/internal/delivery/http/controllers/course.go:217.9,220.3 2 0
SkillForge/internal/delivery/http/controllers/course.go:221.2,223.16 3 0
SkillForge/internal/delivery/http/controllers/course.go:223.16,226.3 2 0
SkillForge/internal/delivery/http/controllers/course.go:227.2,227.32 1 0
SkillForge/internal/delivery/http/controllers/course.go:230.52,232.9 2 0
SkillForge/internal/delivery/http/controllers/course.go:232.9,235.3 2 0
SkillForge/internal/delivery/http/controllers/course.go:236.2,237.16 2 0
SkillForge/internal/delivery/http/controllers/course.go:237.16,240.3 2 0
SkillForge/internal/delivery/http/controllers/course.go:242.2,243.9 2 0
SkillForge/internal/delivery/http/controllers/course.go:243.9,246.3 2 0
SkillForge/internal/delivery/http/controllers/course.go:247.2,249.16 3 0
SkillForge/internal/delivery/http/controllers/course.go:249.16,252.3 2 0
SkillForge/internal/delivery/http/controllers/course.go:253.2,253.32 1 0
SkillForge/internal/delivery/http/controllers/course.go:256.57,259.16 3 0
SkillForge/internal/delivery/http/controllers/course.go:259.16,262.3 2 0
SkillForge/internal/delivery/http/controllers/course.go:264.2,265.9 2 0
SkillForge/internal/delivery/http/controllers/course.go:265.9,268.3 2 0
SkillForge/internal/delivery/http/controllers/course.go:269.2,272.16 3 0
SkillForge/internal/delivery/http/controllers/course.go:272.16,273.45 1 0
SkillForge/internal/delivery/http/controllers/course.go:273.45,276.4 2 0
SkillForge/internal/delivery/http/controllers/course.go:277.3,278.9 2 0
SkillForge/internal/delivery/http/controllers/course.go:280.2,280.54 1 0
SkillForge/internal/delivery/http/controllers/course.go:283.62,285.9 2 0
SkillForge/internal/delivery/http/controllers/course.go:285.9,288.3 2 0
SkillForge/internal/delivery/http/controllers/course.go:289.2,292.16 3 0
SkillForge/internal/delivery/http/controllers/course.go:292.16,295.3 2 0
SkillForge/internal/delivery/http/controllers/course.go:296.2,296.51 1 0
SkillForge/internal/delivery/http/controllers/course.go:299.54,301.9 2 0
SkillForge/internal/delivery/http/controllers/course.go:301.9,304.3 2 0
SkillForge/internal/delivery/http/controllers/course.go:305.2,308.16 3 0
SkillForge/internal/delivery/http/controllers/course.go:308.16,311.3 2 0
SkillForge/internal/delivery/http/controllers/course.go:312.2,312.51 1 0
SkillForge/internal/delivery/http/controllers/course.go:315.57,318.16 3 0
SkillForge/internal/delivery/http/controllers/course.go:318.16,321.3 2 0
SkillForge/internal/delivery/http/controllers/course.go:323.2,324.16 2 0
SkillForge/internal/delivery/http/controllers/course.go:324.16,327.3 2 0
SkillForge/internal/delivery/http/controllers/course.go:329.2,332.4 1 0
SkillForge/internal/delivery/http/controllers/course.go:335.52,338.16 3 1
SkillForge/internal/delivery/http/controllers/course.go:338.16,341.3 2 0
SkillForge/internal/delivery/http/controllers/course.go:342.2,343.13 2 1
SkillForge/internal/delivery/http/controllers/course.go:343.13,346.3 2 0
SkillForge/internal/delivery/http/controllers/course.go:347.2,349.90 2 1
SkillForge/internal/delivery/http/controllers/course.go:349.90,352.3 2 0
SkillForge/internal/delivery/http/controllers/course.go:353.2,353.49 1 1
SkillForge/internal/delivery/http/controllers/course.go:356.54,359.16 3 0
SkillForge/internal/delivery/http/controllers/course.go:359.16,362.3 2 0
SkillForge/internal/delivery/http/controllers/course.go:363.2,364.13 2 0
SkillForge/internal/delivery/http/controllers/course.go:364.13,367.3 2 0
SkillForge/internal/delivery/http/controllers/course.go:368.2,370.92 2 0
SkillForge/internal/delivery/http/controllers/course.go:370.92,373.3 2 0
SkillForge/internal/delivery/http/controllers/course.go:374.2,374.51 1 0
SkillForge/internal/delivery/http/controllers/course.go:377.57,379.9 2 0
SkillForge/internal/delivery/http/controllers/course.go:379.9,382.3 2 0
SkillForge/internal/delivery/http/controllers/course.go:383.2,386.16 3 0
SkillForge/internal/delivery/http/controllers/course.go:386.16,389.3 2 0
SkillForge/internal/delivery/http/controllers/course.go:390.2,390.57 1 0
SkillForge/internal/delivery/http/controllers/lesson.go:36.81,41.2 1 1
SkillForge/internal/delivery/http/controllers/lesson.go:43.57,46.16 3 1
SkillForge/internal/delivery/http/controllers/lesson.go:46.16,49.3 2 0
SkillForge/internal/delivery/http/controllers/lesson.go:51.2,52.16 2 1
SkillForge/internal/delivery/http/controllers/lesson.go:52.16,55.3 2 0
SkillForge/internal/delivery/http/controllers/lesson.go:56.2,56.31 1 1
SkillForge/internal/delivery/http/controllers/lesson.go:59.60,62.16 3 1
SkillForge/internal/delivery/http/controllers/lesson.go:62.16,65.3 2 0
SkillForge/internal/delivery/http/controllers/lesson.go:66.2,67.82 2 1
SkillForge/internal/delivery/http/controllers/lesson.go:67.82,70.3 2 0
SkillForge/internal/delivery/http/controllers/lesson.go:72.2,73.16 2 1
SkillForge/internal/delivery/http/controllers/lesson.go:73.16,76.3 2 0
SkillForge/internal/delivery/http/controllers/lesson.go:77.2,78.16 2 1
SkillForge/internal/delivery/http/controllers/lesson.go:78.16,81.3 2 0
SkillForge/internal/delivery/http/controllers/lesson.go:82.2,85.14 3 1
SkillForge/internal/delivery/http/controllers/lesson.go:85.14,87.15 2 1
SkillForge/internal/delivery/http/controllers/lesson.go:87.15,89.4 1 0
SkillForge/internal/delivery/http/controllers/lesson.go:92.2,93.13 2 1
SkillForge/internal/delivery/http/controllers/lesson.go:93.13,96.3 2 0
SkillForge/internal/delivery/http/controllers/lesson.go:97.2,100.16 3 1
SkillForge/internal/delivery/http/controllers/lesson.go:100.16,101.52 1 0
SkillForge/internal/delivery/http/controllers/lesson.go:101.52,104.4 2 0
SkillForge/internal/delivery/http/controllers/lesson.go:105.3,106.9 2 0
SkillForge/internal/delivery/http/controllers/lesson.go:108.2,108.37 1 1
SkillForge/internal/delivery/http/controllers/lesson.go:116.53,119.16 3 1
SkillForge/internal/delivery/http/controllers/lesson.go:119.16,122.3 2 0
SkillForge/internal/delivery/http/controllers/lesson.go:124.2,126.46 3 1
SkillForge/internal/delivery/http/controllers/lesson.go:126.46,129.3 2 0
SkillForge/internal/delivery/http/controllers/lesson.go:130.2,131.16 2 1
SkillForge/internal/delivery/http/controllers/lesson.go:131.16,134.3 2 0
SkillForge/internal/delivery/http/controllers/lesson.go:135.2,136.16 2 1
SkillForge/internal/delivery/http/controllers/lesson.go:136.16,139.3 2 0
SkillForge/internal/delivery/http/controllers/lesson.go:141.2,142.13 2 1
SkillForge/internal/delivery/http/controllers/lesson.go:142.13,145.3 2 0
SkillForge/internal/delivery/http/controllers/lesson.go:146.2,148.105 2 1
SkillForge/internal/delivery/http/controllers/lesson.go:148.105,152.3 3 0
SkillForge/internal/delivery/http/controllers/lesson.go:153.2,153.59 1 1
SkillForge/internal/delivery/http/controllers/lesson.go:156.53,159.16 3 0
SkillForge/internal/delivery/http/controllers/lesson.go:159.16,162.3 2 0
SkillForge/internal/delivery/http/controllers/lesson.go:164.2,166.46 3 0
SkillForge/internal/delivery/http/controllers/lesson.go:166.46,169.3 2 0
SkillForge/internal/delivery/http/controllers/lesson.go:170.2,171.16 2 0
SkillForge/internal/delivery/http/controllers/lesson.go:171.16,174.3 2 0
SkillForge/internal/delivery/http/controllers/lesson.go:175.2,176.16 2 0
SkillForge/internal/delivery/http/controllers/lesson.go:176.16,179.3 2 0
SkillForge/internal/delivery/http/controllers/lesson.go:181.2,182.13 2 0
SkillForge/internal/delivery/http/controllers/lesson.go:182.13,185.3 2 0
SkillForge/internal/delivery/http/controllers/lesson.go:186.2,188.115 2 0
SkillForge/internal/delivery/http/controllers/lesson.go:188.115,192.3 3 0
SkillForge/internal/delivery/http/controllers/lesson.go:193.2,193.59 1 0
SkillForge/internal/delivery/http/controllers/lesson.go:196.54,198.49 2 1
SkillForge/internal/delivery/http/controllers/lesson.go:198.49,201.3 2 0
SkillForge/internal/delivery/http/controllers/lesson.go:203.2,204.9 2 1
SkillForge/internal/delivery/http/controllers/lesson.go:204.9,207.3 2 0
SkillForge/internal/delivery/http/controllers/lesson.go:208.2,209.16 2 1
SkillForge/internal/delivery/http/controllers/lesson.go:209.16,212.3 2 0
SkillForge/internal/delivery/http/controllers/lesson.go:214.2,215.9 2 1
SkillForge/internal/delivery/http/controllers/lesson.go:215.9,218.3 2 0
SkillForge/internal/delivery/http/controllers/lesson.go:219.2,227.16 4 1
SkillForge/internal/delivery/http/controllers/lesson.go:227.16,228.52 1 0
SkillForge/internal/delivery/http/controllers/lesson.go:228.52,231.4 2 0
SkillForge/internal/delivery/http/controllers/lesson.go:232.3,233.9 2 0
SkillForge/internal/delivery/http/controllers/lesson.go:235.2,235.43 1 1
SkillForge/internal/delivery/http/controllers/lesson.go:242.54,244.47 2 1
SkillForge/internal/delivery/http/controllers/lesson.go:244.47,247.3 2 0
SkillForge/internal/delivery/http/controllers/lesson.go:249.2,250.9 2 1
SkillForge/internal/delivery/http/controllers/lesson.go:250.9,253.3 2 0
SkillForge/internal/delivery/http/controllers/lesson.go:254.2,255.16 2 1
SkillForge/internal/delivery/http/controllers/lesson.go:255.16,258.3 2 0
SkillForge/internal/delivery/http/controllers/lesson.go:260.2,261.9 2 1
SkillForge/internal/delivery/http/controllers/lesson.go:261.9,264.3 2 0
SkillForge/internal/delivery/http/controllers/lesson.go:265.2,272.16 4 1
SkillForge/internal/delivery/http/controllers/lesson.go:272.16,273.52 1 1
SkillForge/internal/delivery/http/controllers/lesson.go:273.52,276.4 2 1
SkillForge/internal/delivery/http/controllers/lesson.go:277.3,278.9 2 0
SkillForge/internal/delivery/http/controllers/lesson.go:280.2,280.43 1 1
SkillForge/internal/delivery/http/controllers/lesson.go:283.55,285.9 2 0
SkillForge/internal/delivery/http/controllers/lesson.go:285.9,288.3 2 0
SkillForge/internal/delivery/http/controllers/lesson.go:289.2,290.16 2 0
SkillForge/internal/delivery/http/controllers/lesson.go:290.16,293.3 2 0
SkillForge/internal/delivery/http/controllers/lesson.go:295.2,296.16 2 0
SkillForge/internal/delivery/http/controllers/lesson.go:296.16,299.3 2 0
SkillForge/internal/delivery/http/controllers/lesson.go:301.2,301.32 1 0
SkillForge/internal/delivery/http/controllers/lesson.go:304.54,306.9 2 0
SkillForge/internal/delivery/http/controllers/lesson.go:306.9,309.3 2 0
SkillForge/internal/delivery/http/controllers/lesson.go:310.2,311.16 2 0
SkillForge/internal/delivery/http/controllers/lesson.go:311.16,314.3 2 0
SkillForge/internal/delivery/http/controllers/lesson.go:316.2,317.9 2 0
SkillForge/internal/delivery/http/controllers/lesson.go:317.9,320.3 2 0
SkillForge/internal/delivery/http/controllers/lesson.go:321.2,322.16 2 0
SkillForge/internal/delivery/http/controllers/lesson.go:322.16,325.3 2 0
SkillForge/internal/delivery/http/controllers/lesson.go:327.2,328.9 2 0
SkillForge/internal/delivery/http/controllers/lesson.go:328.9,331.3 2 0
SkillForge/internal/delivery/http/controllers/lesson.go:332.2,333.16 2 0
SkillForge/internal/delivery/http/controllers/lesson.go:333.16,336.3 2 0
SkillForge/internal/delivery/http/controllers/lesson.go:338.2,339.9 2 0
SkillForge/internal/delivery/http/controllers/lesson.go:339.9,342.3 2 0
SkillForge/internal/delivery/http/controllers/lesson.go:343.2,345.114 2 0
SkillForge/internal/delivery/http/controllers/lesson.go:345.114,348.3 2 0
SkillForge/internal/delivery/http/controllers/lesson.go:349.2,349.58 1 0
SkillForge/internal/delivery/http/controllers/lesson.go:352.54,354.9 2 1
SkillForge/internal/delivery/http/controllers/lesson.go:354.9,357.3 2 0
SkillForge/internal/delivery/http/controllers/lesson.go:358.2,359.16 2 1
SkillForge/internal/delivery/http/controllers/lesson.go:359.16,362.3 2 0
SkillForge/internal/delivery/http/controllers/lesson.go:364.2,365.9 2 1
SkillForge/internal/delivery/http/controllers/lesson.go:365.9,368.3 2 0
SkillForge/internal/delivery/http/controllers/lesson.go:369.2,370.16 2 1
SkillForge/internal/delivery/http/controllers/lesson.go:370.16,373.3 2 0
SkillForge/internal/delivery/http/controllers/lesson.go:375.2,376.9 2 1
SkillForge/internal/delivery/http/controllers/lesson.go:376.9,379.3 2 0
SkillForge/internal/delivery/http/controllers/lesson.go:380.2,382.104 2 1
SkillForge/internal/delivery/http/controllers/lesson.go:382.104,385.3 2 0
SkillForge/internal/delivery/http/controllers/lesson.go:386.2,386.58 1 1
SkillForge/internal/delivery/http/controllers/lesson.go:396.55,398.47 2 0
SkillForge/internal/delivery/http/controllers/lesson.go:398.47,401.3 2 0
SkillForge/internal/delivery/http/controllers/lesson.go:402.2,403.9 2 0
SkillForge/internal/delivery/http/controllers/lesson.go:403.9,406.3 2 0
SkillForge/internal/delivery/http/controllers/lesson.go:407.2,416.16 4 0
SkillForge/internal/delivery/http/controllers/lesson.go:416.16,420.3 3 0
SkillForge/internal/delivery/http/controllers/lesson.go:421.2,421.44 1 0
SkillForge/internal/delivery/http/controllers/middleware.go:20.59,22.33 2 0
SkillForge/internal/delivery/http/controllers/middleware.go:22.33,24.3 1 0
SkillForge/internal/delivery/http/controllers/middleware.go:25.2,25.30 1 0
SkillForge/internal/delivery/http/controllers/middleware.go:25.30,27.14 2 0
SkillForge/internal/delivery/http/controllers/middleware.go:27.14,30.4 2 0
SkillForge/internal/delivery/http/controllers/middleware.go:32.3,33.10 2 0
SkillForge/internal/delivery/http/controllers/middleware.go:33.10,36.4 2 0
SkillForge/internal/delivery/http/controllers/middleware.go:38.3,38.30 1 0
SkillForge/internal/delivery/http/controllers/middleware.go:38.30,39.44 1 0
SkillForge/internal/delivery/http/controllers/middleware.go:39.44,42.5 2 0
SkillForge/internal/delivery/http/controllers/middleware.go:44.3,44.90 1 0
SkillForge/internal/delivery/http/controllers/middleware.go:48.54,51.68 3 1
SkillForge/internal/delivery/http/controllers/middleware.go:51.68,53.3 1 1
SkillForge/internal/delivery/http/controllers/middleware.go:54.2,54.17 1 1
SkillForge/internal/delivery/http/controllers/middleware.go:54.17,57.3 2 1
SkillForge/internal/delivery/http/controllers/middleware.go:59.2,60.16 2 1
SkillForge/internal/delivery/http/controllers/middleware.go:60.16,62.49 2 1
SkillForge/internal/delivery/http/controllers/middleware.go:62.49,65.4 2 0
SkillForge/internal/delivery/http/controllers/middleware.go:66.3,67.9 2 1
SkillForge/internal/delivery/http/controllers/middleware.go:69.2,69.68 1 1
SkillForge/internal/delivery/http/controllers/middleware.go:69.68,74.3 2 0
SkillForge/internal/delivery/http/controllers/middleware.go:76.2,77.16 2 1
SkillForge/internal/delivery/http/controllers/middleware.go:77.16,81.3 2 0
SkillForge/internal/delivery/http/controllers/middleware.go:82.2,83.16 2 1
SkillForge/internal/delivery/http/controllers/middleware.go:83.16,86.3 2 0
SkillForge/internal/delivery/http/controllers/middleware.go:88.2,90.10 3 1
SkillForge/internal/delivery/http/controllers/middleware.go:93.59,94.30 1 0
SkillForge/internal/delivery/http/controllers/middleware.go:94.30,104.21 8 0
SkillForge/internal/delivery/http/controllers/middleware.go:104.21,106.4 1 0
SkillForge/internal/delivery/http/controllers/middleware.go:107.3,117.35 4 0
SkillForge/internal/delivery/http/controllers/middleware.go:117.35,124.4 1 0
SkillForge/internal/delivery/http/controllers/status.go:11.40,13.2 1 0
SkillForge/internal/delivery/http/controllers/status.go:15.48,17.2 1 0
SkillForge/internal/service/lesson/lesson.go:51.125,58.2 1 1
SkillForge/internal/service/lesson/lesson.go:60.141,62.16 2 1
SkillForge/internal/service/lesson/lesson.go:62.16,64.3 1 0
SkillForge/internal/service/lesson/lesson.go:65.2,66.16 2 1
SkillForge/internal/service/lesson/lesson.go:66.16,68.3 1 0
SkillForge/internal/service/lesson/lesson.go:69.2,69.33 1 1
SkillForge/internal/service/lesson/lesson.go:69.33,71.3 1 0
SkillForge/internal/service/lesson/lesson.go:72.2,72.49 1 1
SkillForge/internal/service/lesson/lesson.go:75.212,77.16 2 1
SkillForge/internal/service/lesson/lesson.go:77.16,79.3 1 0
SkillForge/internal/service/lesson/lesson.go:80.2,81.16 2 1
SkillForge/internal/service/lesson/lesson.go:81.16,83.3 1 0
SkillForge/internal/service/lesson/lesson.go:84.2,84.33 1 1
SkillForge/internal/service/lesson/lesson.go:84.33,86.3 1 0
SkillForge/internal/service/lesson/lesson.go:88.2,89.19 2 1
SkillForge/internal/service/lesson/lesson.go:90.31,91.103 1 0
SkillForge/internal/service/lesson/lesson.go:92.31,93.103 1 1
SkillForge/internal/service/lesson/lesson.go:94.10,95.51 1 0
SkillForge/internal/service/lesson/lesson.go:97.2,97.16 1 1
SkillForge/internal/service/lesson/lesson.go:97.16,99.3 1 0
SkillForge/internal/service/lesson/lesson.go:101.2,106.49 2 1
SkillForge/internal/service/lesson/lesson.go:108.106,110.16 2 1
SkillForge/internal/service/lesson/lesson.go:110.16,112.3 1 0
SkillForge/internal/service/lesson/lesson.go:113.2,114.16 2 1
SkillForge/internal/service/lesson/lesson.go:114.16,116.3 1 0
SkillForge/internal/service/lesson/lesson.go:117.2,117.42 1 1
SkillForge/internal/service/lesson/lesson.go:117.42,119.3 1 0
SkillForge/internal/service/lesson/lesson.go:121.2,122.16 2 1
SkillForge/internal/service/lesson/lesson.go:122.16,124.3 1 0
SkillForge/internal/service/lesson/lesson.go:125.2,125.33 1 1
SkillForge/internal/service/lesson/lesson.go:125.33,127.3 1 0
SkillForge/internal/service/lesson/lesson.go:129.2,129.60 1 1
SkillForge/internal/service/lesson/lesson.go:132.116,134.16 2 1
SkillForge/internal/service/lesson/lesson.go:134.16,136.3 1 0
SkillForge/internal/service/lesson/lesson.go:137.2,138.16 2 1
SkillForge/internal/service/lesson/lesson.go:138.16,140.3 1 0
SkillForge/internal/service/lesson/lesson.go:141.2,141.42 1 1
SkillForge/internal/service/lesson/lesson.go:141.42,143.3 1 0
SkillForge/internal/service/lesson/lesson.go:144.2,144.34 1 1
SkillForge/internal/service/lesson/lesson.go:144.34,146.3 1 0
SkillForge/internal/service/lesson/lesson.go:147.2,148.16 2 1
SkillForge/internal/service/lesson/lesson.go:148.16,150.3 1 0
SkillForge/internal/service/lesson/lesson.go:151.2,151.33 1 1
SkillForge/internal/service/lesson/lesson.go:151.33,153.3 1 0
SkillForge/internal/service/lesson/lesson.go:155.2,155.60 1 1
SkillForge/internal/service/lesson/lesson.go:158.125,160.16 2 0
SkillForge/internal/service/lesson/lesson.go:160.16,162.3 1 0
SkillForge/internal/service/lesson/lesson.go:163.2,163.33 1 0
SkillForge/internal/service/lesson/lesson.go:163.33,165.3 1 0
SkillForge/internal/service/lesson/lesson.go:167.2,168.16 2 0
SkillForge/internal/service/lesson/lesson.go:168.16,170.3 1 0
SkillForge/internal/service/lesson/lesson.go:171.2,174.16 3 0
SkillForge/internal/service/lesson/lesson.go:174.16,176.3 1 0
SkillForge/internal/service/lesson/lesson.go:177.2,177.15 1 0
SkillForge/internal/service/lesson/lesson.go:180.125,182.16 2 1
SkillForge/internal/service/lesson/lesson.go:182.16,184.3 1 0
SkillForge/internal/service/lesson/lesson.go:185.2,185.33 1 1
SkillForge/internal/service/lesson/lesson.go:185.33,187.3 1 0
SkillForge/internal/service/lesson/lesson.go:189.2,190.16 2 1
SkillForge/internal/service/lesson/lesson.go:190.16,192.3 1 0
SkillForge/internal/service/lesson/lesson.go:193.2,196.16 3 1
SkillForge/internal/service/lesson/lesson.go:196.16,198.3 1 0
SkillForge/internal/service/lesson/lesson.go:199.2,199.15 1 1
SkillForge/internal/service/lesson/lesson.go:202.107,204.16 2 1
SkillForge/internal/service/lesson/lesson.go:204.16,206.3 1 0
SkillForge/internal/service/lesson/lesson.go:207.2,207.50 1 1
SkillForge/internal/service/lesson/lesson.go:210.115,212.16 2 1
SkillForge/internal/service/lesson/lesson.go:212.16,214.3 1 0
SkillForge/internal/service/lesson/lesson.go:215.2,215.33 1 1
SkillForge/internal/service/lesson/lesson.go:215.33,217.3 1 0
SkillForge/internal/service/lesson/lesson.go:219.2,220.16 2 1
SkillForge/internal/service/lesson/lesson.go:220.16,222.3 1 0
SkillForge/internal/service/lesson/lesson.go:224.2,224.42 1 1
SkillForge/internal/service/lesson/lesson.go:224.42,225.31 1 0
SkillForge/internal/service/lesson/lesson.go:225.31,226.24 1 0
SkillForge/internal/service/lesson/lesson.go:227.33,228.79 1 0
SkillForge/internal/service/lesson/lesson.go:228.79,230.6 1 0
SkillForge/internal/service/lesson/lesson.go:231.33,232.79 1 0
SkillForge/internal/service/lesson/lesson.go:232.79,234.6 1 0
SkillForge/internal/service/lesson/lesson.go:239.2,239.100 1 1
SkillForge/internal/service/lesson/lesson.go:242.105,244.16 2 1
SkillForge/internal/service/lesson/lesson.go:244.16,246.3 1 0
SkillForge/internal/service/lesson/lesson.go:247.2,247.33 1 1
SkillForge/internal/service/lesson/lesson.go:247.33,249.3 1 0
SkillForge/internal/service/lesson/lesson.go:251.2,252.16 2 1
SkillForge/internal/service/lesson/lesson.go:252.16,254.3 1 0
SkillForge/internal/service/lesson/lesson.go:256.2,257.16 2 1
SkillForge/internal/service/lesson/lesson.go:257.16,259.3 1 0
SkillForge/internal/service/lesson/lesson.go:260.2,260.33 1 1
SkillForge/internal/service/lesson/lesson.go:260.33,262.17 2 1
SkillForge/internal/service/lesson/lesson.go:262.17,264.12 2 0
SkillForge/internal/service/lesson/lesson.go:266.3,266.43 1 1
SkillForge/internal/service/lesson/lesson.go:266.43,267.32 1 0
SkillForge/internal/service/lesson/lesson.go:267.32,268.25 1 0
SkillForge/internal/service/lesson/lesson.go:269.34,270.80 1 0
SkillForge/internal/service/lesson/lesson.go:270.80,272.7 1 0
SkillForge/internal/service/lesson/lesson.go:273.34,274.80 1 0
SkillForge/internal/service/lesson/lesson.go:274.80,276.7 1 0
SkillForge/internal/service/lesson/lesson.go:282.2,282.87 1 1
SkillForge/internal/service/lesson/lesson.go:285.111,287.16 2 1
SkillForge/internal/service/lesson/lesson.go:287.16,289.3 1 0
SkillForge/internal/service/lesson/lesson.go:290.2,290.33 1 1
SkillForge/internal/service/lesson/lesson.go:290.33,291.42 1 1
[...]
SkillForge/internal/storage/postgres/content_postgres.go:70.2,70.22 1 1
SkillForge/internal/storage/postgres/content_postgres.go:73.116,88.16 4 1
SkillForge/internal/storage/postgres/content_postgres.go:88.16,90.3 1 0
SkillForge/internal/storage/postgres/content_postgres.go:91.2,91.15 1 1
SkillForge/internal/storage/postgres/content_postgres.go:94.82,97.16 3 1
SkillForge/internal/storage/postgres/content_postgres.go:97.16,99.3 1 0
SkillForge/internal/storage/postgres/content_postgres.go:100.2,100.12 1 1
SkillForge/internal/storage/postgres/course_postgres.go:20.58,22.2 1 1
SkillForge/internal/storage/postgres/course_postgres.go:24.99,25.27 1 1
SkillForge/internal/storage/postgres/course_postgres.go:25.27,27.3 1 1
SkillForge/internal/storage/postgres/course_postgres.go:28.2,56.16 8 1
SkillForge/internal/storage/postgres/course_postgres.go:56.16,58.3 1 0
SkillForge/internal/storage/postgres/course_postgres.go:59.2,62.24 4 1
SkillForge/internal/storage/postgres/course_postgres.go:65.96,93.16 5 1
SkillForge/internal/storage/postgres/course_postgres.go:93.16,94.36 1 1
SkillForge/internal/storage/postgres/course_postgres.go:94.36,96.4 1 1
SkillForge/internal/storage/postgres/course_postgres.go:97.3,97.18 1 0
SkillForge/internal/storage/postgres/course_postgres.go:100.2,100.20 1 1
SkillForge/internal/storage/postgres/course_postgres.go:103.79,111.16 4 0
SkillForge/internal/storage/postgres/course_postgres.go:111.16,113.3 1 0
SkillForge/internal/storage/postgres/course_postgres.go:114.2,114.17 1 0
SkillForge/internal/storage/postgres/course_postgres.go:117.113,130.16 3 0
SkillForge/internal/storage/postgres/course_postgres.go:130.16,132.3 1 0
SkillForge/internal/storage/postgres/course_postgres.go:133.2,136.18 3 0
SkillForge/internal/storage/postgres/course_postgres.go:136.18,148.17 2 0
SkillForge/internal/storage/postgres/course_postgres.go:148.17,150.4 1 0
SkillForge/internal/storage/postgres/course_postgres.go:151.3,151.31 1 0
SkillForge/internal/storage/postgres/course_postgres.go:153.2,153.23 1 0
SkillForge/internal/storage/postgres/course_postgres.go:153.23,155.3 1 0
SkillForge/internal/storage/postgres/course_postgres.go:157.2,157.21 1 0
SkillForge/internal/storage/postgres/course_postgres.go:160.95,168.16 3 1
SkillForge/internal/storage/postgres/course_postgres.go:168.16,170.3 1 0
SkillForge/internal/storage/postgres/course_postgres.go:171.2,171.32 1 1
SkillForge/internal/storage/postgres/course_postgres.go:171.32,173.3 1 1
SkillForge/internal/storage/postgres/course_postgres.go:174.2,174.12 1 1
SkillForge/internal/storage/postgres/course_postgres.go:177.112,185.16 3 1
SkillForge/internal/storage/postgres/course_postgres.go:185.16,187.3 1 0
SkillForge/internal/storage/postgres/course_postgres.go:188.2,188.29 1 1
SkillForge/internal/storage/postgres/course_postgres.go:188.29,190.3 1 1
SkillForge/internal/storage/postgres/course_postgres.go:191.2,191.12 1 1
SkillForge/internal/storage/postgres/course_postgres.go:194.112,202.16 3 0
SkillForge/internal/storage/postgres/course_postgres.go:202.16,204.3 1 0
SkillForge/internal/storage/postgres/course_postgres.go:205.2,208.18 3 0
SkillForge/internal/storage/postgres/course_postgres.go:208.18,211.83 2 0
SkillForge/internal/storage/postgres/course_postgres.go:211.83,213.4 1 0
SkillForge/internal/storage/postgres/course_postgres.go:214.3,214.31 1 0
SkillForge/internal/storage/postgres/course_postgres.go:216.2,216.21 1 0
SkillForge/internal/storage/postgres/course_postgres.go:219.88,226.2 2 0
SkillForge/internal/storage/postgres/course_postgres.go:228.88,235.2 2 0
SkillForge/internal/storage/postgres/course_rating.go:15.70,17.2 1 0
SkillForge/internal/storage/postgres/course_rating.go:19.97,26.16 3 0
SkillForge/internal/storage/postgres/course_rating.go:26.16,28.3 1 0
SkillForge/internal/storage/postgres/course_rating.go:29.2,29.12 1 0
SkillForge/internal/storage/postgres/course_rating.go:29.12,31.3 1 0
SkillForge/internal/storage/postgres/course_rating.go:32.2,36.12 2 0
SkillForge/internal/storage/postgres/course_rating.go:39.100,46.16 3 0
SkillForge/internal/storage/postgres/course_rating.go:46.16,48.3 1 0
SkillForge/internal/storage/postgres/course_rating.go:49.2,49.13 1 0
SkillForge/internal/storage/postgres/course_rating.go:49.13,51.3 1 0
SkillForge/internal/storage/postgres/course_rating.go:52.2,55.12 2 0
SkillForge/internal/storage/postgres/course_rating.go:58.103,66.2 3 0
SkillForge/internal/storage/postgres/lesson_postgres.go:18.58,20.2 1 1
SkillForge/internal/storage/postgres/lesson_postgres.go:22.106,24.16 2 1
SkillForge/internal/storage/postgres/lesson_postgres.go:24.16,26.3 1 0
SkillForge/internal/storage/postgres/lesson_postgres.go:27.2,34.16 4 1
SkillForge/internal/storage/postgres/lesson_postgres.go:34.16,36.3 1 0
SkillForge/internal/storage/postgres/lesson_postgres.go:38.2,39.27 2 1
SkillForge/internal/storage/postgres/lesson_postgres.go:39.27,41.3 1 1
SkillForge/internal/storage/postgres/lesson_postgres.go:42.2,55.16 5 1
SkillForge/internal/storage/postgres/lesson_postgres.go:55.16,56.73 1 1
SkillForge/internal/storage/postgres/lesson_postgres.go:56.73,58.4 1 1
SkillForge/internal/storage/postgres/lesson_postgres.go:59.3,59.18 1 0
SkillForge/internal/storage/postgres/lesson_postgres.go:62.2,62.39 1 1
SkillForge/internal/storage/postgres/lesson_postgres.go:62.39,64.3 1 0
SkillForge/internal/storage/postgres/lesson_postgres.go:65.2,65.21 1 1
SkillForge/internal/storage/postgres/lesson_postgres.go:68.98,81.16 5 0
SkillForge/internal/storage/postgres/lesson_postgres.go:81.16,83.3 1 0
SkillForge/internal/storage/postgres/lesson_postgres.go:84.2,84.20 1 0
SkillForge/internal/storage/postgres/lesson_postgres.go:87.98,91.16 4 1
SkillForge/internal/storage/postgres/lesson_postgres.go:91.16,93.3 1 0
SkillForge/internal/storage/postgres/lesson_postgres.go:94.2,94.17 1 1
SkillForge/internal/storage/postgres/lesson_postgres.go:97.106,99.16 2 1
SkillForge/internal/storage/postgres/lesson_postgres.go:99.16,101.3 1 0
SkillForge/internal/storage/postgres/lesson_postgres.go:102.2,110.16 4 1
SkillForge/internal/storage/postgres/lesson_postgres.go:110.16,112.3 1 0
SkillForge/internal/storage/postgres/lesson_postgres.go:114.2,115.27 2 1
SkillForge/internal/storage/postgres/lesson_postgres.go:115.27,117.3 1 1
SkillForge/internal/storage/postgres/lesson_postgres.go:118.2,130.16 5 1
SkillForge/internal/storage/postgres/lesson_postgres.go:130.16,131.73 1 1
SkillForge/internal/storage/postgres/lesson_postgres.go:131.73,133.4 1 1
SkillForge/internal/storage/postgres/lesson_postgres.go:134.3,134.18 1 0
SkillForge/internal/storage/postgres/lesson_postgres.go:137.2,137.39 1 1
SkillForge/internal/storage/postgres/lesson_postgres.go:137.39,139.3 1 0
SkillForge/internal/storage/postgres/lesson_postgres.go:140.2,140.21 1 1
SkillForge/internal/storage/postgres/lesson_postgres.go:143.98,147.16 4 1
SkillForge/internal/storage/postgres/lesson_postgres.go:147.16,149.3 1 0
SkillForge/internal/storage/postgres/lesson_postgres.go:150.2,150.17 1 1
SkillForge/internal/storage/postgres/lesson_postgres.go:153.127,155.16 2 0
SkillForge/internal/storage/postgres/lesson_postgres.go:155.16,157.3 1 0
SkillForge/internal/storage/postgres/lesson_postgres.go:158.2,162.16 4 0
SkillForge/internal/storage/postgres/lesson_postgres.go:162.16,164.3 1 0
SkillForge/internal/storage/postgres/lesson_postgres.go:166.2,171.16 3 0
SkillForge/internal/storage/postgres/lesson_postgres.go:171.16,173.3 1 0
SkillForge/internal/storage/postgres/lesson_postgres.go:175.2,175.23 1 0
SkillForge/internal/storage/postgres/lesson_postgres.go:178.127,180.16 2 0
SkillForge/internal/storage/postgres/lesson_postgres.go:180.16,182.3 1 0
SkillForge/internal/storage/postgres/lesson_postgres.go:183.2,187.16 4 0
SkillForge/internal/storage/postgres/lesson_postgres.go:187.16,189.3 1 0
SkillForge/internal/storage/postgres/lesson_postgres.go:191.2,193.16 3 0
SkillForge/internal/storage/postgres/lesson_postgres.go:193.16,195.3 1 0
SkillForge/internal/storage/postgres/lesson_postgres.go:197.2,202.16 3 0
SkillForge/internal/storage/postgres/lesson_postgres.go:202.16,204.3 1 0
SkillForge/internal/storage/postgres/lesson_postgres.go:206.2,206.23 1 0
SkillForge/internal/storage/postgres/lesson_postgres.go:209.108,217.16 3 1
SkillForge/internal/storage/postgres/lesson_postgres.go:217.16,219.3 1 0
SkillForge/internal/storage/postgres/lesson_postgres.go:220.2,223.18 3 1
SkillForge/internal/storage/postgres/lesson_postgres.go:223.18,225.103 2 1
SkillForge/internal/storage/postgres/lesson_postgres.go:225.103,227.4 1 0
SkillForge/internal/storage/postgres/lesson_postgres.go:228.3,228.31 1 1
SkillForge/internal/storage/postgres/lesson_postgres.go:231.2,238.16 3 1
SkillForge/internal/storage/postgres/lesson_postgres.go:238.16,240.3 1 0
SkillForge/internal/storage/postgres/lesson_postgres.go:241.2,244.24 3 1
SkillForge/internal/storage/postgres/lesson_postgres.go:244.24,246.134 2 1
SkillForge/internal/storage/postgres/lesson_postgres.go:246.134,248.4 1 0
SkillForge/internal/storage/postgres/lesson_postgres.go:249.3,249.71 1 1
SkillForge/internal/storage/postgres/lesson_postgres.go:252.2,253.30 2 1
SkillForge/internal/storage/postgres/lesson_postgres.go:253.30,259.3 2 1
SkillForge/internal/storage/postgres/lesson_postgres.go:260.2,260.21 1 1
SkillForge/internal/storage/postgres/lesson_postgres.go:263.104,272.16 5 0
SkillForge/internal/storage/postgres/lesson_postgres.go:272.16,274.3 1 0
SkillForge/internal/storage/postgres/lesson_postgres.go:275.2,275.20 1 0
SkillForge/internal/storage/postgres/lesson_postgres.go:278.108,286.16 3 0
SkillForge/internal/storage/postgres/lesson_postgres.go:286.16,288.3 1 0
SkillForge/internal/storage/postgres/lesson_postgres.go:289.2,292.18 3 0
SkillForge/internal/storage/postgres/lesson_postgres.go:292.18,296.17 2 0
SkillForge/internal/storage/postgres/lesson_postgres.go:296.17,298.4 1 0
SkillForge/internal/storage/postgres/lesson_postgres.go:299.3,299.31 1 0
SkillForge/internal/storage/postgres/lesson_postgres.go:301.2,301.34 1 0
SkillForge/internal/storage/postgres/lesson_postgres.go:301.34,303.3 1 0
SkillForge/internal/storage/postgres/lesson_postgres.go:304.2,304.21 1 0
SkillForge/internal/storage/postgres/lesson_postgres.go:306.97,308.16 2 1
SkillForge/internal/storage/postgres/lesson_postgres.go:308.16,310.3 1 0
SkillForge/internal/storage/postgres/lesson_postgres.go:311.2,315.73 4 1
SkillForge/internal/storage/postgres/lesson_postgres.go:315.73,317.3 1 0
SkillForge/internal/storage/postgres/lesson_postgres.go:318.2,318.73 1 1
SkillForge/internal/storage/postgres/lesson_postgres.go:318.73,320.3 1 0
SkillForge/internal/storage/postgres/lesson_postgres.go:322.2,324.75 3 1
SkillForge/internal/storage/postgres/lesson_postgres.go:324.75,326.3 1 0
SkillForge/internal/storage/postgres/lesson_postgres.go:327.2,327.72 1 1
SkillForge/internal/storage/postgres/lesson_postgres.go:327.72,329.3 1 0
SkillForge/internal/storage/postgres/lesson_postgres.go:330.2,330.72 1 1
SkillForge/internal/storage/postgres/lesson_postgres.go:330.72,332.3 1 0
SkillForge/internal/storage/postgres/lesson_postgres.go:334.2,334.23 1 1
SkillForge/internal/storage/postgres/lesson_postgres.go:337.97,339.16 2 1
SkillForge/internal/storage/postgres/lesson_postgres.go:339.16,341.3 1 0
SkillForge/internal/storage/postgres/lesson_postgres.go:342.2,346.73 4 1
SkillForge/internal/storage/postgres/lesson_postgres.go:346.73,348.3 1 0
SkillForge/internal/storage/postgres/lesson_postgres.go:349.2,349.73 1 1
SkillForge/internal/storage/postgres/lesson_postgres.go:349.73,351.3 1 0
SkillForge/internal/storage/postgres/lesson_postgres.go:353.2,355.75 3 1
SkillForge/internal/storage/postgres/lesson_postgres.go:355.75,357.3 1 0
SkillForge/internal/storage/postgres/lesson_postgres.go:358.2,358.72 1 1
SkillForge/internal/storage/postgres/lesson_postgres.go:358.72,360.3 1 0
SkillForge/internal/storage/postgres/lesson_postgres.go:361.2,361.72 1 1
SkillForge/internal/storage/postgres/lesson_postgres.go:361.72,363.3 1 0
SkillForge/internal/storage/postgres/lesson_postgres.go:365.2,365.23 1 1
SkillForge/internal/storage/postgres/lesson_postgres.go:368.122,370.16 2 0
SkillForge/internal/storage/postgres/lesson_postgres.go:370.16,372.3 1 0
SkillForge/internal/storage/postgres/lesson_postgres.go:373.2,377.16 4 0
SkillForge/internal/storage/postgres/lesson_postgres.go:377.16,379.3 1 0
SkillForge/internal/storage/postgres/lesson_postgres.go:380.2,385.28 5 0
SkillForge/internal/storage/postgres/lesson_postgres.go:385.28,387.3 1 0
SkillForge/internal/storage/postgres/lesson_postgres.go:389.2,399.16 3 0
SkillForge/internal/storage/postgres/lesson_postgres.go:399.16,401.3 1 0
SkillForge/internal/storage/postgres/lesson_postgres.go:403.2,403.39 1 0
SkillForge/internal/storage/postgres/lesson_postgres.go:403.39,405.3 1 0
SkillForge/internal/storage/postgres/lesson_postgres.go:406.2,406.22 1 0
SkillForge/internal/storage/postgres/lesson_postgres.go:409.112,417.210 4 1
SkillForge/internal/storage/postgres/lesson_postgres.go:417.210,419.3 1 0
SkillForge/internal/storage/postgres/lesson_postgres.go:420.2,427.16 3 1
SkillForge/internal/storage/postgres/lesson_postgres.go:427.16,429.3 1 0
SkillForge/internal/storage/postgres/lesson_postgres.go:430.2,433.18 3 1
SkillForge/internal/storage/postgres/lesson_postgres.go:433.18,435.138 2 1
SkillForge/internal/storage/postgres/lesson_postgres.go:435.138,437.4 1 0
SkillForge/internal/storage/postgres/lesson_postgres.go:438.3,438.33 1 1
SkillForge/internal/storage/postgres/lesson_postgres.go:440.2,441.20 2 1
SkillForge/internal/storage/postgres/lesson_postgres.go:444.108,452.16 3 1
SkillForge/internal/storage/postgres/lesson_postgres.go:452.16,454.3 1 0
SkillForge/internal/storage/postgres/lesson_postgres.go:455.2,458.18 3 1
SkillForge/internal/storage/postgres/lesson_postgres.go:458.18,460.163 2 1
SkillForge/internal/storage/postgres/lesson_postgres.go:460.163,462.4 1 0
SkillForge/internal/storage/postgres/lesson_postgres.go:463.3,463.36 1 1
SkillForge/internal/storage/postgres/lesson_postgres.go:465.2,465.34 1 1
SkillForge/internal/storage/postgres/lesson_postgres.go:465.34,467.3 1 0
SkillForge/internal/storage/postgres/lesson_postgres.go:468.2,468.21 1 1
SkillForge/internal/storage/postgres/lesson_postgres.go:471.122,475.16 4 0
SkillForge/internal/storage/postgres/lesson_postgres.go:475.16,476.91 1 0
SkillForge/internal/storage/postgres/lesson_postgres.go:476.91,480.30 4 0
SkillForge/internal/storage/postgres/lesson_postgres.go:480.30,482.5 1 0
SkillForge/internal/storage/postgres/lesson_postgres.go:483.4,493.18 3 0
SkillForge/internal/storage/postgres/lesson_postgres.go:493.18,495.5 1 0
SkillForge/internal/storage/postgres/lesson_postgres.go:496.4,496.24 1 0
SkillForge/internal/storage/postgres/lesson_postgres.go:497.9,499.4 1 0
SkillForge/internal/storage/postgres/lesson_postgres.go:501.2,509.16 3 0
SkillForge/internal/storage/postgres/lesson_postgres.go:509.16,511.3 1 0
SkillForge/internal/storage/postgres/lesson_postgres.go:512.2,514.22 3 0
SkillForge/internal/storage/postgres/postgres.go:15.87,18.16 3 0
SkillForge/internal/storage/postgres/postgres.go:18.16,20.3 1 0
SkillForge/internal/storage/postgres/postgres.go:22.2,22.34 1 0
SkillForge/internal/storage/postgres/postgres.go:25.27,26.19 1 0
SkillForge/internal/storage/postgres/postgres.go:26.19,28.3 1 0
SkillForge/internal/storage/postgres/postgres.go:31.47,32.17 1 1
SkillForge/internal/storage/postgres/postgres.go:32.17,33.45 1 1
SkillForge/internal/storage/postgres/postgres.go:33.45,35.4 1 1
SkillForge/internal/storage/postgres/postgres.go:36.3,36.27 1 0
SkillForge/internal/storage/postgres/postgres.go:38.2,38.12 1 0
SkillForge/internal/storage/postgres/subscriptions_postgres.go:18.70,20.2 1 0
SkillForge/internal/storage/postgres/subscriptions_postgres.go:22.103,29.16 4 0
SkillForge/internal/storage/postgres/subscriptions_postgres.go:29.16,30.73 1 0
SkillForge/internal/storage/postgres/subscriptions_postgres.go:30.73,32.4 1 0
SkillForge/internal/storage/postgres/subscriptions_postgres.go:33.3,33.52 1 0
SkillForge/internal/storage/postgres/subscriptions_postgres.go:35.2,35.12 1 0
SkillForge/internal/storage/postgres/subscriptions_postgres.go:38.117,47.16 3 0
SkillForge/internal/storage/postgres/subscriptions_postgres.go:47.16,49.3 1 0
SkillForge/internal/storage/postgres/subscriptions_postgres.go:50.2,53.18 3 0
SkillForge/internal/storage/postgres/subscriptions_postgres.go:53.18,55.153 2 0
SkillForge/internal/storage/postgres/subscriptions_postgres.go:55.153,57.4 1 0
SkillForge/internal/storage/postgres/subscriptions_postgres.go:58.3,58.31 1 0
SkillForge/internal/storage/postgres/subscriptions_postgres.go:60.2,60.21 1 0
SkillForge/internal/storage/postgres/tokens_postgres.go:21.58,23.2 1 1
SkillForge/internal/storage/postgres/tokens_postgres.go:25.70,31.2 5 1
SkillForge/internal/storage/postgres/tokens_postgres.go:33.120,35.16 2 1
SkillForge/internal/storage/postgres/tokens_postgres.go:35.16,37.3 1 0
SkillForge/internal/storage/postgres/tokens_postgres.go:38.2,39.16 2 1
SkillForge/internal/storage/postgres/tokens_postgres.go:39.16,41.3 1 0
SkillForge/internal/storage/postgres/tokens_postgres.go:42.2,53.16 5 1
SkillForge/internal/storage/postgres/tokens_postgres.go:53.16,55.3 1 0
SkillForge/internal/storage/postgres/tokens_postgres.go:57.2,57.26 1 1
SkillForge/internal/storage/postgres/tokens_postgres.go:60.126,62.16 2 1
SkillForge/internal/storage/postgres/tokens_postgres.go:62.16,64.3 1 0
SkillForge/internal/storage/postgres/tokens_postgres.go:65.2,68.16 4 1
SkillForge/internal/storage/postgres/tokens_postgres.go:68.16,69.36 1 1
SkillForge/internal/storage/postgres/tokens_postgres.go:69.36,71.4 1 1
SkillForge/internal/storage/postgres/tokens_postgres.go:72.3,72.18 1 0
SkillForge/internal/storage/postgres/tokens_postgres.go:74.2,74.27 1 1
SkillForge/internal/storage/postgres/tokens_postgres.go:77.88,80.16 3 1
SkillForge/internal/storage/postgres/tokens_postgres.go:80.16,82.3 1 0
SkillForge/internal/storage/postgres/tokens_postgres.go:83.2,83.12 1 1
SkillForge/internal/storage/postgres/user_postgres.go:19.54,21.2 1 0
SkillForge/internal/storage/postgres/user_postgres.go:23.90,38.16 6 0
SkillForge/internal/storage/postgres/user_postgres.go:38.16,39.36 1 0
SkillForge/internal/storage/postgres/user_postgres.go:39.36,41.4 1 0
SkillForge/internal/storage/postgres/user_postgres.go:42.3,42.18 1 0
SkillForge/internal/storage/postgres/user_postgres.go:45.2,46.19 2 0
SkillForge/internal/storage/postgres/user_postgres.go:49.91,64.16 6 0
SkillForge/internal/storage/postgres/user_postgres.go:64.16,65.36 1 0
SkillForge/internal/storage/postgres/user_postgres.go:65.36,67.4 1 0
SkillForge/internal/storage/postgres/user_postgres.go:68.3,68.18 1 0
SkillForge/internal/storage/postgres/user_postgres.go:71.2,72.19 2 0
SkillForge/internal/storage/postgres/user_postgres.go:75.96,77.16 2 0
SkillForge/internal/storage/postgres/user_postgres.go:77.16,79.3 1 0
SkillForge/internal/storage/postgres/user_postgres.go:80.2,80.15 1 0
SkillForge/internal/storage/postgres/user_postgres.go:80.15,81.17 1 0
SkillForge/internal/storage/postgres/user_postgres.go:81.17,83.4 1 0
SkillForge/internal/storage/postgres/user_postgres.go:86.2,89.16 4 0
SkillForge/internal/storage/postgres/user_postgres.go:89.16,91.66 2 0
SkillForge/internal/storage/postgres/user_postgres.go:91.66,93.4 1 0
SkillForge/internal/storage/postgres/user_postgres.go:94.3,94.59 1 0
SkillForge/internal/storage/postgres/user_postgres.go:96.2,100.38 4 0
SkillForge/internal/storage/postgres/user_postgres.go:100.38,102.76 2 0
SkillForge/internal/storage/postgres/user_postgres.go:102.76,104.4 1 0
SkillForge/internal/storage/postgres/user_postgres.go:105.3,105.72 1 0
SkillForge/internal/storage/postgres/user_postgres.go:105.72,107.4 1 0
SkillForge/internal/storage/postgres/user_postgres.go:110.2,110.38 1 0
SkillForge/internal/storage/postgres/user_postgres.go:110.38,112.3 1 0
SkillForge/internal/storage/postgres/user_postgres.go:114.2,114.19 1 0
